This is pdfTeX, Version 3.14159265-2.6-1.40.21 (TeX Live 2020) (preloaded format=pdflatex 2021.2.13)  23 MAR 2021 16:22
entering extended mode
 restricted \write18 enabled.
 %&-line parsing enabled.
**Exploratory-Analysis.tex
(./Exploratory-Analysis.tex
LaTeX2e <2020-10-01> patch level 4
L3 programming layer <2021-02-06> (/Users/michaeltopper/Library/TinyTeX/texmf-d
ist/tex/latex/base/article.cls
Document Class: article 2020/04/10 v1.4m Standard LaTeX document class
(/Users/michaeltopper/Library/TinyTeX/texmf-dist/tex/latex/base/size10.clo
File: size10.clo 2020/04/10 v1.4m Standard LaTeX file (size option)
)
\c@part=\count177
\c@section=\count178
\c@subsection=\count179
\c@subsubsection=\count180
\c@paragraph=\count181
\c@subparagraph=\count182
\c@figure=\count183
\c@table=\count184
\abovecaptionskip=\skip47
\belowcaptionskip=\skip48
\bibindent=\dimen138
) (/Users/michaeltopper/Library/TinyTeX/texmf-dist/tex/latex/lm/lmodern.sty
Package: lmodern 2009/10/30 v1.6 Latin Modern Fonts
LaTeX Font Info:    Overwriting symbol font `operators' in version `normal'
(Font)                  OT1/cmr/m/n --> OT1/lmr/m/n on input line 22.
LaTeX Font Info:    Overwriting symbol font `letters' in version `normal'
(Font)                  OML/cmm/m/it --> OML/lmm/m/it on input line 23.
LaTeX Font Info:    Overwriting symbol font `symbols' in version `normal'
(Font)                  OMS/cmsy/m/n --> OMS/lmsy/m/n on input line 24.
LaTeX Font Info:    Overwriting symbol font `largesymbols' in version `normal'
(Font)                  OMX/cmex/m/n --> OMX/lmex/m/n on input line 25.
LaTeX Font Info:    Overwriting symbol font `operators' in version `bold'
(Font)                  OT1/cmr/bx/n --> OT1/lmr/bx/n on input line 26.
LaTeX Font Info:    Overwriting symbol font `letters' in version `bold'
(Font)                  OML/cmm/b/it --> OML/lmm/b/it on input line 27.
LaTeX Font Info:    Overwriting symbol font `symbols' in version `bold'
(Font)                  OMS/cmsy/b/n --> OMS/lmsy/b/n on input line 28.
LaTeX Font Info:    Overwriting symbol font `largesymbols' in version `bold'
(Font)                  OMX/cmex/m/n --> OMX/lmex/m/n on input line 29.
LaTeX Font Info:    Overwriting math alphabet `\mathbf' in version `normal'
(Font)                  OT1/cmr/bx/n --> OT1/lmr/bx/n on input line 31.
LaTeX Font Info:    Overwriting math alphabet `\mathsf' in version `normal'
(Font)                  OT1/cmss/m/n --> OT1/lmss/m/n on input line 32.
LaTeX Font Info:    Overwriting math alphabet `\mathit' in version `normal'
(Font)                  OT1/cmr/m/it --> OT1/lmr/m/it on input line 33.
LaTeX Font Info:    Overwriting math alphabet `\mathtt' in version `normal'
(Font)                  OT1/cmtt/m/n --> OT1/lmtt/m/n on input line 34.
LaTeX Font Info:    Overwriting math alphabet `\mathbf' in version `bold'
(Font)                  OT1/cmr/bx/n --> OT1/lmr/bx/n on input line 35.
LaTeX Font Info:    Overwriting math alphabet `\mathsf' in version `bold'
(Font)                  OT1/cmss/bx/n --> OT1/lmss/bx/n on input line 36.
LaTeX Font Info:    Overwriting math alphabet `\mathit' in version `bold'
(Font)                  OT1/cmr/bx/it --> OT1/lmr/bx/it on input line 37.
LaTeX Font Info:    Overwriting math alphabet `\mathtt' in version `bold'
(Font)                  OT1/cmtt/m/n --> OT1/lmtt/m/n on input line 38.
) (/Users/michaeltopper/Library/TinyTeX/texmf-dist/tex/latex/amsmath/amsmath.st
y
Package: amsmath 2020/09/23 v2.17i AMS math features
\@mathmargin=\skip49
For additional information on amsmath, use the `?' option.
(/Users/michaeltopper/Library/TinyTeX/texmf-dist/tex/latex/amsmath/amstext.sty
Package: amstext 2000/06/29 v2.01 AMS text
(/Users/michaeltopper/Library/TinyTeX/texmf-dist/tex/latex/amsmath/amsgen.sty
File: amsgen.sty 1999/11/30 v2.0 generic functions
\@emptytoks=\toks15
\ex@=\dimen139
)) (/Users/michaeltopper/Library/TinyTeX/texmf-dist/tex/latex/amsmath/amsbsy.st
y
Package: amsbsy 1999/11/29 v1.2d Bold Symbols
\pmbraise@=\dimen140
) (/Users/michaeltopper/Library/TinyTeX/texmf-dist/tex/latex/amsmath/amsopn.sty
Package: amsopn 2016/03/08 v2.02 operator names
)
\inf@bad=\count185
LaTeX Info: Redefining \frac on input line 234.
\uproot@=\count186
\leftroot@=\count187
LaTeX Info: Redefining \overline on input line 399.
\classnum@=\count188
\DOTSCASE@=\count189
LaTeX Info: Redefining \ldots on input line 496.
LaTeX Info: Redefining \dots on input line 499.
LaTeX Info: Redefining \cdots on input line 620.
\Mathstrutbox@=\box47
\strutbox@=\box48
\big@size=\dimen141
LaTeX Font Info:    Redeclaring font encoding OML on input line 743.
LaTeX Font Info:    Redeclaring font encoding OMS on input line 744.
\macc@depth=\count190
\c@MaxMatrixCols=\count191
\dotsspace@=\muskip16
\c@parentequation=\count192
\dspbrk@lvl=\count193
\tag@help=\toks16
\row@=\count194
\column@=\count195
\maxfields@=\count196
\andhelp@=\toks17
\eqnshift@=\dimen142
\alignsep@=\dimen143
\tagshift@=\dimen144
\tagwidth@=\dimen145
\totwidth@=\dimen146
\lineht@=\dimen147
\@envbody=\toks18
\multlinegap=\skip50
\multlinetaggap=\skip51
\mathdisplay@stack=\toks19
LaTeX Info: Redefining \[ on input line 2923.
LaTeX Info: Redefining \] on input line 2924.
) (/Users/michaeltopper/Library/TinyTeX/texmf-dist/tex/generic/iftex/ifxetex.st
y
Package: ifxetex 2019/10/25 v0.7 ifxetex legacy package. Use iftex instead.
(/Users/michaeltopper/Library/TinyTeX/texmf-dist/tex/generic/iftex/iftex.sty
Package: iftex 2020/03/06 v1.0d TeX engine tests
))
(/Users/michaeltopper/Library/TinyTeX/texmf-dist/tex/generic/iftex/ifluatex.sty
Package: ifluatex 2019/10/25 v1.5 ifluatex legacy package. Use iftex instead.
) (/Users/michaeltopper/Library/TinyTeX/texmf-dist/tex/latex/base/fontenc.sty
Package: fontenc 2020/08/10 v2.0s Standard LaTeX package
LaTeX Font Info:    Trying to load font information for T1+lmr on input line 11
2.
(/Users/michaeltopper/Library/TinyTeX/texmf-dist/tex/latex/lm/t1lmr.fd
File: t1lmr.fd 2009/10/30 v1.6 Font defs for Latin Modern
)) (/Users/michaeltopper/Library/TinyTeX/texmf-dist/tex/latex/base/inputenc.sty
Package: inputenc 2020/08/01 v1.3d Input encoding file
\inpenc@prehook=\toks20
\inpenc@posthook=\toks21
) (/Users/michaeltopper/Library/TinyTeX/texmf-dist/tex/latex/base/textcomp.sty
Package: textcomp 2020/02/02 v2.0n Standard LaTeX package
)
(/Users/michaeltopper/Library/TinyTeX/texmf-dist/tex/latex/amsfonts/amssymb.sty
Package: amssymb 2013/01/14 v3.01 AMS font symbols

(/Users/michaeltopper/Library/TinyTeX/texmf-dist/tex/latex/amsfonts/amsfonts.st
y
Package: amsfonts 2013/01/14 v3.01 Basic AMSFonts support
\symAMSa=\mathgroup4
\symAMSb=\mathgroup5
LaTeX Font Info:    Redeclaring math symbol \hbar on input line 98.
LaTeX Font Info:    Overwriting math alphabet `\mathfrak' in version `bold'
(Font)                  U/euf/m/n --> U/euf/b/n on input line 106.
)) (/Users/michaeltopper/Library/TinyTeX/texmf-dist/tex/latex/xcolor/xcolor.sty
Package: xcolor 2016/05/11 v2.12 LaTeX color extensions (UK)

(/Users/michaeltopper/Library/TinyTeX/texmf-dist/tex/latex/graphics-cfg/color.c
fg
File: color.cfg 2016/01/02 v1.6 sample color configuration
)
Package xcolor Info: Driver file: pdftex.def on input line 225.

(/Users/michaeltopper/Library/TinyTeX/texmf-dist/tex/latex/graphics-def/pdftex.
def
File: pdftex.def 2020/10/05 v1.2a Graphics/color driver for pdftex
)
Package xcolor Info: Model `cmy' substituted by `cmy0' on input line 1348.
Package xcolor Info: Model `hsb' substituted by `rgb' on input line 1352.
Package xcolor Info: Model `RGB' extended on input line 1364.
Package xcolor Info: Model `HTML' substituted by `rgb' on input line 1366.
Package xcolor Info: Model `Hsb' substituted by `hsb' on input line 1367.
Package xcolor Info: Model `tHsb' substituted by `hsb' on input line 1368.
Package xcolor Info: Model `HSB' substituted by `hsb' on input line 1369.
Package xcolor Info: Model `Gray' substituted by `gray' on input line 1370.
Package xcolor Info: Model `wave' substituted by `hsb' on input line 1371.
)
(/Users/michaeltopper/Library/TinyTeX/texmf-dist/tex/latex/hyperref/hyperref.st
y
Package: hyperref 2021-02-10 v7.00j Hypertext links for LaTeX

(/Users/michaeltopper/Library/TinyTeX/texmf-dist/tex/generic/ltxcmds/ltxcmds.st
y
Package: ltxcmds 2020-05-10 v1.25 LaTeX kernel commands for general use (HO)
)
(/Users/michaeltopper/Library/TinyTeX/texmf-dist/tex/generic/pdftexcmds/pdftexc
mds.sty
Package: pdftexcmds 2020-06-27 v0.33 Utility functions of pdfTeX for LuaTeX (HO
)

(/Users/michaeltopper/Library/TinyTeX/texmf-dist/tex/generic/infwarerr/infwarer
r.sty
Package: infwarerr 2019/12/03 v1.5 Providing info/warning/error messages (HO)
)
Package pdftexcmds Info: \pdf@primitive is available.
Package pdftexcmds Info: \pdf@ifprimitive is available.
Package pdftexcmds Info: \pdfdraftmode found.
) (/Users/michaeltopper/Library/TinyTeX/texmf-dist/tex/latex/graphics/keyval.st
y
Package: keyval 2014/10/28 v1.15 key=value parser (DPC)
\KV@toks@=\toks22
)
(/Users/michaeltopper/Library/TinyTeX/texmf-dist/tex/generic/kvsetkeys/kvsetkey
s.sty
Package: kvsetkeys 2019/12/15 v1.18 Key value parser (HO)
)
(/Users/michaeltopper/Library/TinyTeX/texmf-dist/tex/generic/kvdefinekeys/kvdef
inekeys.sty
Package: kvdefinekeys 2019-12-19 v1.6 Define keys (HO)
)
(/Users/michaeltopper/Library/TinyTeX/texmf-dist/tex/generic/pdfescape/pdfescap
e.sty
Package: pdfescape 2019/12/09 v1.15 Implements pdfTeX's escape features (HO)
) (/Users/michaeltopper/Library/TinyTeX/texmf-dist/tex/latex/hycolor/hycolor.st
y
Package: hycolor 2020-01-27 v1.10 Color options for hyperref/bookmark (HO)
)
(/Users/michaeltopper/Library/TinyTeX/texmf-dist/tex/latex/letltxmacro/letltxma
cro.sty
Package: letltxmacro 2019/12/03 v1.6 Let assignment for LaTeX macros (HO)
) (/Users/michaeltopper/Library/TinyTeX/texmf-dist/tex/latex/auxhook/auxhook.st
y
Package: auxhook 2019-12-17 v1.6 Hooks for auxiliary files (HO)
)
(/Users/michaeltopper/Library/TinyTeX/texmf-dist/tex/latex/kvoptions/kvoptions.
sty
Package: kvoptions 2020-10-07 v3.14 Key value format for package options (HO)
)
\@linkdim=\dimen148
\Hy@linkcounter=\count197
\Hy@pagecounter=\count198
(/Users/michaeltopper/Library/TinyTeX/texmf-dist/tex/latex/hyperref/pd1enc.def
File: pd1enc.def 2021-02-10 v7.00j Hyperref: PDFDocEncoding definition (HO)
Now handling font encoding PD1 ...
... no UTF-8 mapping file for font encoding PD1
)
(/Users/michaeltopper/Library/TinyTeX/texmf-dist/tex/latex/hyperref/hyperref-la
ngpatches.def
File: hyperref-langpatches.def 2021-02-10 v7.00j Hyperref: patches for babel la
nguages
)
(/Users/michaeltopper/Library/TinyTeX/texmf-dist/tex/generic/intcalc/intcalc.st
y
Package: intcalc 2019/12/15 v1.3 Expandable calculations with integers (HO)
)
(/Users/michaeltopper/Library/TinyTeX/texmf-dist/tex/generic/etexcmds/etexcmds.
sty
Package: etexcmds 2019/12/15 v1.7 Avoid name clashes with e-TeX commands (HO)
)
\Hy@SavedSpaceFactor=\count199
(/Users/michaeltopper/Library/TinyTeX/texmf-dist/tex/latex/hyperref/puenc.def
File: puenc.def 2021-02-10 v7.00j Hyperref: PDF Unicode definition (HO)
Now handling font encoding PU ...
... no UTF-8 mapping file for font encoding PU
)
Package hyperref Info: Option `unicode' set `true' on input line 4073.
Package hyperref Info: Hyper figures OFF on input line 4192.
Package hyperref Info: Link nesting OFF on input line 4197.
Package hyperref Info: Hyper index ON on input line 4200.
Package hyperref Info: Plain pages OFF on input line 4207.
Package hyperref Info: Backreferencing OFF on input line 4212.
Package hyperref Info: Implicit mode ON; LaTeX internals redefined.
Package hyperref Info: Bookmarks ON on input line 4445.
\c@Hy@tempcnt=\count266
(/Users/michaeltopper/Library/TinyTeX/texmf-dist/tex/latex/url/url.sty
\Urlmuskip=\muskip17
Package: url 2013/09/16  ver 3.4  Verb mode for urls, etc.
)
LaTeX Info: Redefining \url on input line 4804.
\XeTeXLinkMargin=\dimen149
(/Users/michaeltopper/Library/TinyTeX/texmf-dist/tex/generic/bitset/bitset.sty
Package: bitset 2019/12/09 v1.3 Handle bit-vector datatype (HO)

(/Users/michaeltopper/Library/TinyTeX/texmf-dist/tex/generic/bigintcalc/bigintc
alc.sty
Package: bigintcalc 2019/12/15 v1.5 Expandable calculations on big integers (HO
)
))
\Fld@menulength=\count267
\Field@Width=\dimen150
\Fld@charsize=\dimen151
Package hyperref Info: Hyper figures OFF on input line 6075.
Package hyperref Info: Link nesting OFF on input line 6080.
Package hyperref Info: Hyper index ON on input line 6083.
Package hyperref Info: backreferencing OFF on input line 6090.
Package hyperref Info: Link coloring OFF on input line 6095.
Package hyperref Info: Link coloring with OCG OFF on input line 6100.
Package hyperref Info: PDF/A mode OFF on input line 6105.
LaTeX Info: Redefining \ref on input line 6145.
LaTeX Info: Redefining \pageref on input line 6149.

(/Users/michaeltopper/Library/TinyTeX/texmf-dist/tex/latex/base/atbegshi-ltx.st
y
Package: atbegshi-ltx 2020/08/17 v1.0a Emulation of the original atbegshi packa
ge
with kernel methods
)
\Hy@abspage=\count268
\c@Item=\count269
\c@Hfootnote=\count270
)
Package hyperref Info: Driver (autodetected): hpdftex.

(/Users/michaeltopper/Library/TinyTeX/texmf-dist/tex/latex/hyperref/hpdftex.def
File: hpdftex.def 2021-02-10 v7.00j Hyperref driver for pdfTeX

(/Users/michaeltopper/Library/TinyTeX/texmf-dist/tex/latex/base/atveryend-ltx.s
ty
Package: atveryend-ltx 2020/08/19 v1.0a Emulation of the original atvery packag
e
with kernel methods
)
\Fld@listcount=\count271
\c@bookmark@seq@number=\count272

(/Users/michaeltopper/Library/TinyTeX/texmf-dist/tex/latex/rerunfilecheck/rerun
filecheck.sty
Package: rerunfilecheck 2019/12/05 v1.9 Rerun checks for auxiliary files (HO)

(/Users/michaeltopper/Library/TinyTeX/texmf-dist/tex/generic/uniquecounter/uniq
uecounter.sty
Package: uniquecounter 2019/12/15 v1.4 Provide unlimited unique counter (HO)
)
Package uniquecounter Info: New unique counter `rerunfilecheck' on input line 2
86.
)
\Hy@SectionHShift=\skip52
)
(/Users/michaeltopper/Library/TinyTeX/texmf-dist/tex/latex/geometry/geometry.st
y
Package: geometry 2020/01/02 v5.9 Page Geometry
(/Users/michaeltopper/Library/TinyTeX/texmf-dist/tex/generic/iftex/ifvtex.sty
Package: ifvtex 2019/10/25 v1.7 ifvtex legacy package. Use iftex instead.
)
\Gm@cnth=\count273
\Gm@cntv=\count274
\c@Gm@tempcnt=\count275
\Gm@bindingoffset=\dimen152
\Gm@wd@mp=\dimen153
\Gm@odd@mp=\dimen154
\Gm@even@mp=\dimen155
\Gm@layoutwidth=\dimen156
\Gm@layoutheight=\dimen157
\Gm@layouthoffset=\dimen158
\Gm@layoutvoffset=\dimen159
\Gm@dimlist=\toks23
)
(/Users/michaeltopper/Library/TinyTeX/texmf-dist/tex/latex/graphics/graphicx.st
y
Package: graphicx 2020/09/09 v1.2b Enhanced LaTeX Graphics (DPC,SPQR)

(/Users/michaeltopper/Library/TinyTeX/texmf-dist/tex/latex/graphics/graphics.st
y
Package: graphics 2020/08/30 v1.4c Standard LaTeX Graphics (DPC,SPQR)
(/Users/michaeltopper/Library/TinyTeX/texmf-dist/tex/latex/graphics/trig.sty
Package: trig 2016/01/03 v1.10 sin cos tan (DPC)
)
(/Users/michaeltopper/Library/TinyTeX/texmf-dist/tex/latex/graphics-cfg/graphic
s.cfg
File: graphics.cfg 2016/06/04 v1.11 sample graphics configuration
)
Package graphics Info: Driver file: pdftex.def on input line 105.
)
\Gin@req@height=\dimen160
\Gin@req@width=\dimen161
) (/Users/michaeltopper/Library/TinyTeX/texmf-dist/tex/latex/graphics/lscape.st
y
Package: lscape 2020/05/28 v3.02 Landscape Pages (DPC)
) (/Users/michaeltopper/Library/TinyTeX/texmf-dist/tex/latex/subfig/subfig.sty
Package: subfig 2005/06/28 ver: 1.3 subfig package
(/Users/michaeltopper/Library/TinyTeX/texmf-dist/tex/latex/caption/caption.sty
Package: caption 2020/10/26 v3.5g Customizing captions (AR)

(/Users/michaeltopper/Library/TinyTeX/texmf-dist/tex/latex/caption/caption3.sty
Package: caption3 2020/10/21 v2.2e caption3 kernel (AR)
\captionmargin=\dimen162
\captionmargin@=\dimen163
\captionwidth=\dimen164
\caption@tempdima=\dimen165
\caption@indent=\dimen166
\caption@parindent=\dimen167
\caption@hangindent=\dimen168
Package caption Info: Standard document class detected.
)
\c@caption@flags=\count276
\c@continuedfloat=\count277
Package caption Info: hyperref package is loaded.
)
\c@KVtest=\count278
\sf@farskip=\skip53
\sf@captopadj=\dimen169
\sf@capskip=\skip54
\sf@nearskip=\skip55
\c@subfigure=\count279
\c@subfigure@save=\count280
\c@lofdepth=\count281
\c@subtable=\count282
\c@subtable@save=\count283
\c@lotdepth=\count284
\sf@top=\skip56
\sf@bottom=\skip57
) (/Users/michaeltopper/Library/TinyTeX/texmf-dist/tex/latex/natbib/natbib.sty
Package: natbib 2010/09/13 8.31b (PWD, AO)
\bibhang=\skip58
\bibsep=\skip59
LaTeX Info: Redefining \cite on input line 694.
\c@NAT@ctr=\count285
)
(/Users/michaeltopper/Library/TinyTeX/texmf-dist/tex/latex/booktabs/booktabs.st
y
Package: booktabs 2020/01/12 v1.61803398 Publication quality tables
\heavyrulewidth=\dimen170
\lightrulewidth=\dimen171
\cmidrulewidth=\dimen172
\belowrulesep=\dimen173
\belowbottomsep=\dimen174
\aboverulesep=\dimen175
\abovetopsep=\dimen176
\cmidrulesep=\dimen177
\cmidrulekern=\dimen178
\defaultaddspace=\dimen179
\@cmidla=\count286
\@cmidlb=\count287
\@aboverulesep=\dimen180
\@belowrulesep=\dimen181
\@thisruleclass=\count288
\@lastruleclass=\count289
\@thisrulewidth=\dimen182
) (/Users/michaeltopper/Library/TinyTeX/texmf-dist/tex/latex/tools/longtable.st
y
Package: longtable 2020/01/07 v4.13 Multi-page Table package (DPC)
\LTleft=\skip60
\LTright=\skip61
\LTpre=\skip62
\LTpost=\skip63
\LTchunksize=\count290
\LTcapwidth=\dimen183
\LT@head=\box49
\LT@firsthead=\box50
\LT@foot=\box51
\LT@lastfoot=\box52
\LT@cols=\count291
\LT@rows=\count292
\c@LT@tables=\count293
\c@LT@chunks=\count294
\LT@p@ftn=\toks24
) (/Users/michaeltopper/Library/TinyTeX/texmf-dist/tex/latex/tools/array.sty
Package: array 2020/10/01 v2.5c Tabular extension package (FMi)
\col@sep=\dimen184
\ar@mcellbox=\box53
\extrarowheight=\dimen185
\NC@list=\toks25
\extratabsurround=\skip64
\backup@length=\skip65
\ar@cellbox=\box54
)
(/Users/michaeltopper/Library/TinyTeX/texmf-dist/tex/latex/multirow/multirow.st
y
Package: multirow 2021/01/29 v2.7 Span multiple rows of a table
\multirow@colwidth=\skip66
\multirow@cntb=\count295
\multirow@dima=\skip67
\bigstrutjot=\dimen186
) (/Users/michaeltopper/Library/TinyTeX/texmf-dist/tex/latex/wrapfig/wrapfig.st
y
\wrapoverhang=\dimen187
\WF@size=\dimen188
\c@WF@wrappedlines=\count296
\WF@box=\box55
\WF@everypar=\toks26
Package: wrapfig 2003/01/31  v 3.6
) (/Users/michaeltopper/Library/TinyTeX/texmf-dist/tex/latex/float/float.sty
Package: float 2001/11/08 v1.3d Float enhancements (AL)
\c@float@type=\count297
\float@exts=\toks27
\float@box=\box56
\@float@everytoks=\toks28
\@floatcapt=\box57
)
(/Users/michaeltopper/Library/TinyTeX/texmf-dist/tex/latex/colortbl/colortbl.st
y
Package: colortbl 2020/01/04 v1.0e Color table columns (DPC)
\everycr=\toks29
\minrowclearance=\skip68
)
(/Users/michaeltopper/Library/TinyTeX/texmf-dist/tex/latex/pdflscape/pdflscape.
sty
Package: pdflscape 2019/12/05 v0.12 Display of landscape pages in PDF (HO)
Package pdflscape Info: Auto-detected driver: pdftex on input line 81.
) (/Users/michaeltopper/Library/TinyTeX/texmf-dist/tex/latex/tabu/tabu.sty
Package: tabu 2019/01/11 v2.9 - flexible LaTeX tabulars (FC+tabu-fixed)

(/Users/michaeltopper/Library/TinyTeX/texmf-dist/tex/latex/varwidth/varwidth.st
y
Package: varwidth 2009/03/30 ver 0.92;  Variable-width minipages
\@vwid@box=\box58
\sift@deathcycles=\count298
\@vwid@loff=\dimen189
\@vwid@roff=\dimen190
)
\c@taburow=\count299
\tabu@nbcols=\count300
\tabu@cnt=\count301
\tabu@Xcol=\count302
\tabu@alloc=\count303
\tabu@nested=\count304
\tabu@target=\dimen191
\tabu@spreadtarget=\dimen192
\tabu@naturalX=\dimen193
\tabucolX=\dimen194
\tabu@Xsum=\dimen195
\extrarowdepth=\dimen196
\abovetabulinesep=\dimen197
\belowtabulinesep=\dimen198
\tabustrutrule=\dimen199
\tabu@thebody=\toks30
\tabu@footnotes=\toks31
\tabu@box=\box59
\tabu@arstrutbox=\box60
\tabu@hleads=\box61
\tabu@vleads=\box62
\tabu@cellskip=\skip69
)
(/Users/michaeltopper/Library/TinyTeX/texmf-dist/tex/latex/threeparttable/three
parttable.sty
Package: threeparttable 2003/06/13  v 3.0
\@tempboxb=\box63
)
(/Users/michaeltopper/Library/TinyTeX/texmf-dist/tex/latex/threeparttablex/thre
eparttablex.sty
Package: threeparttablex 2013/07/23 v0.3 by daleif
(/Users/michaeltopper/Library/TinyTeX/texmf-dist/tex/latex/environ/environ.sty
Package: environ 2014/05/04 v0.3 A new way to define environments

(/Users/michaeltopper/Library/TinyTeX/texmf-dist/tex/latex/trimspaces/trimspace
s.sty
Package: trimspaces 2009/09/17 v1.1 Trim spaces around a token list
))
\TPTL@width=\skip70
) (/Users/michaeltopper/Library/TinyTeX/texmf-dist/tex/generic/ulem/ulem.sty
\UL@box=\box64
\UL@hyphenbox=\box65
\UL@skip=\skip71
\UL@hook=\toks32
\UL@height=\dimen256
\UL@pe=\count305
\UL@pixel=\dimen257
\ULC@box=\box66
Package: ulem 2019/11/18
\ULdepth=\dimen258
)
(/Users/michaeltopper/Library/TinyTeX/texmf-dist/tex/latex/makecell/makecell.st
y
Package: makecell 2009/08/03 V0.1e Managing of Tab Column Heads and Cells
\rotheadsize=\dimen259
\c@nlinenum=\count306
\TeXr@lab=\toks33
)
(/Users/michaeltopper/Library/TinyTeX/texmf-dist/tex/latex/l3backend/l3backend-
pdftex.def
File: l3backend-pdftex.def 2021-02-06 L3 backend support: PDF output (pdfTeX)
\l__color_backend_stack_int=\count307
\l__pdf_internal_box=\box67
) (./Exploratory-Analysis.aux)
\openout1 = `Exploratory-Analysis.aux'.

LaTeX Font Info:    Checking defaults for OML/cmm/m/it on input line 90.
LaTeX Font Info:    ... okay on input line 90.
LaTeX Font Info:    Checking defaults for OMS/cmsy/m/n on input line 90.
LaTeX Font Info:    ... okay on input line 90.
LaTeX Font Info:    Checking defaults for OT1/cmr/m/n on input line 90.
LaTeX Font Info:    ... okay on input line 90.
LaTeX Font Info:    Checking defaults for T1/cmr/m/n on input line 90.
LaTeX Font Info:    ... okay on input line 90.
LaTeX Font Info:    Checking defaults for TS1/cmr/m/n on input line 90.
LaTeX Font Info:    ... okay on input line 90.
LaTeX Font Info:    Checking defaults for OMX/cmex/m/n on input line 90.
LaTeX Font Info:    ... okay on input line 90.
LaTeX Font Info:    Checking defaults for U/cmr/m/n on input line 90.
LaTeX Font Info:    ... okay on input line 90.
LaTeX Font Info:    Checking defaults for PD1/pdf/m/n on input line 90.
LaTeX Font Info:    ... okay on input line 90.
LaTeX Font Info:    Checking defaults for PU/pdf/m/n on input line 90.
LaTeX Font Info:    ... okay on input line 90.

(/Users/michaeltopper/Library/TinyTeX/texmf-dist/tex/latex/epstopdf-pkg/epstopd
f-base.sty
Package: epstopdf-base 2020-01-24 v2.11 Base part for package epstopdf
Package epstopdf-base Info: Redefining graphics rule for `.eps' on input line 4
85.

(/Users/michaeltopper/Library/TinyTeX/texmf-dist/tex/latex/latexconfig/epstopdf
-sys.cfg
File: epstopdf-sys.cfg 2010/07/13 v1.3 Configuration of (r)epstopdf for TeX Liv
e
))
Package hyperref Info: Link coloring OFF on input line 90.

(/Users/michaeltopper/Library/TinyTeX/texmf-dist/tex/latex/hyperref/nameref.sty
Package: nameref 2021-04-02 v2.47 Cross-referencing by name of section

(/Users/michaeltopper/Library/TinyTeX/texmf-dist/tex/latex/refcount/refcount.st
y
Package: refcount 2019/12/15 v3.6 Data extraction from label references (HO)
)
(/Users/michaeltopper/Library/TinyTeX/texmf-dist/tex/generic/gettitlestring/get
titlestring.sty
Package: gettitlestring 2019/12/15 v1.6 Cleanup title references (HO)
)
\c@section@level=\count308
)
LaTeX Info: Redefining \ref on input line 90.
LaTeX Info: Redefining \pageref on input line 90.
LaTeX Info: Redefining \nameref on input line 90.
(./Exploratory-Analysis.out) (./Exploratory-Analysis.out)
\@outlinefile=\write3
\openout3 = `Exploratory-Analysis.out'.

*geometry* driver: auto-detecting
*geometry* detected driver: pdftex
*geometry* verbose mode - [ preamble ] result:
* driver: pdftex
* paper: <default>
* layout: <same size as paper>
* layoutoffset:(h,v)=(0.0pt,0.0pt)
* modes: 
* h-part:(L,W,R)=(72.26999pt, 469.75502pt, 72.26999pt)
* v-part:(T,H,B)=(72.26999pt, 650.43001pt, 72.26999pt)
* \paperwidth=614.295pt
* \paperheight=794.96999pt
* \textwidth=469.75502pt
* \textheight=650.43001pt
* \oddsidemargin=0.0pt
* \evensidemargin=0.0pt
* \topmargin=-37.0pt
* \headheight=12.0pt
* \headsep=25.0pt
* \topskip=10.0pt
* \footskip=30.0pt
* \marginparwidth=65.0pt
* \marginparsep=11.0pt
* \columnsep=10.0pt
* \skip\footins=9.0pt plus 4.0pt minus 2.0pt
* \hoffset=0.0pt
* \voffset=0.0pt
* \mag=1000
* \@twocolumnfalse
* \@twosidefalse
* \@mparswitchfalse
* \@reversemarginfalse
* (1in=72.27pt=25.4mm, 1cm=28.453pt)

Package caption Info: Begin \AtBeginDocument code.
Package caption Info: subfig package v1.3 is loaded.
Package caption Info: float package is loaded.
Package caption Info: longtable package is loaded.

(/Users/michaeltopper/Library/TinyTeX/texmf-dist/tex/latex/caption/ltcaption.st
y
Package: ltcaption 2020/05/30 v1.4b longtable captions (AR)
)
Package caption Info: threeparttable package is loaded.
Package caption Info: wrapfig package is loaded.
Package caption Info: End \AtBeginDocument code.
LaTeX Font Info:    Trying to load font information for OT1+lmr on input line 9
2.
(/Users/michaeltopper/Library/TinyTeX/texmf-dist/tex/latex/lm/ot1lmr.fd
File: ot1lmr.fd 2009/10/30 v1.6 Font defs for Latin Modern
)
LaTeX Font Info:    Trying to load font information for OML+lmm on input line 9
2.
(/Users/michaeltopper/Library/TinyTeX/texmf-dist/tex/latex/lm/omllmm.fd
File: omllmm.fd 2009/10/30 v1.6 Font defs for Latin Modern
)
LaTeX Font Info:    Trying to load font information for OMS+lmsy on input line 
92.
(/Users/michaeltopper/Library/TinyTeX/texmf-dist/tex/latex/lm/omslmsy.fd
File: omslmsy.fd 2009/10/30 v1.6 Font defs for Latin Modern
)
LaTeX Font Info:    Trying to load font information for OMX+lmex on input line 
92.
(/Users/michaeltopper/Library/TinyTeX/texmf-dist/tex/latex/lm/omxlmex.fd
File: omxlmex.fd 2009/10/30 v1.6 Font defs for Latin Modern
)
LaTeX Font Info:    External font `lmex10' loaded for size
(Font)              <12> on input line 92.
LaTeX Font Info:    External font `lmex10' loaded for size
(Font)              <8> on input line 92.
LaTeX Font Info:    External font `lmex10' loaded for size
(Font)              <6> on input line 92.
LaTeX Font Info:    Trying to load font information for U+msa on input line 92.

(/Users/michaeltopper/Library/TinyTeX/texmf-dist/tex/latex/amsfonts/umsa.fd
File: umsa.fd 2013/01/14 v3.01 AMS symbols A
)
LaTeX Font Info:    Trying to load font information for U+msb on input line 92.

(/Users/michaeltopper/Library/TinyTeX/texmf-dist/tex/latex/amsfonts/umsb.fd
File: umsb.fd 2013/01/14 v3.01 AMS symbols B
)
<Exploratory-Analysis_files/figure-latex/unnamed-chunk-2-1.pdf, id=29, 469.755p
t x 325.215pt>
File: Exploratory-Analysis_files/figure-latex/unnamed-chunk-2-1.pdf Graphic fil
e (type pdf)
<use Exploratory-Analysis_files/figure-latex/unnamed-chunk-2-1.pdf>
Package pdftex.def Info: Exploratory-Analysis_files/figure-latex/unnamed-chunk-
2-1.pdf  used on input line 109.
(pdftex.def)             Requested size: 230.18196pt x 159.35674pt.
<Exploratory-Analysis_files/figure-latex/unnamed-chunk-2-2.pdf, id=30, 469.755p
t x 325.215pt>
File: Exploratory-Analysis_files/figure-latex/unnamed-chunk-2-2.pdf Graphic fil
e (type pdf)
<use Exploratory-Analysis_files/figure-latex/unnamed-chunk-2-2.pdf>
Package pdftex.def Info: Exploratory-Analysis_files/figure-latex/unnamed-chunk-
2-2.pdf  used on input line 109.
(pdftex.def)             Requested size: 230.18196pt x 159.35674pt.

LaTeX Warning: Reference `tab:means_ols' on page 1 undefined on input line 121.


<Exploratory-Analysis_files/figure-latex/unnamed-chunk-3-1.pdf, id=31, 289.08pt
 x 289.08pt>
File: Exploratory-Analysis_files/figure-latex/unnamed-chunk-3-1.pdf Graphic fil
e (type pdf)
<use Exploratory-Analysis_files/figure-latex/unnamed-chunk-3-1.pdf>
Package pdftex.def Info: Exploratory-Analysis_files/figure-latex/unnamed-chunk-
3-1.pdf  used on input line 125.
(pdftex.def)             Requested size: 289.09251pt x 289.09251pt.
<Exploratory-Analysis_files/figure-latex/unnamed-chunk-4-1.pdf, id=32, 650.43pt
 x 289.08pt>
File: Exploratory-Analysis_files/figure-latex/unnamed-chunk-4-1.pdf Graphic fil
e (type pdf)
<use Exploratory-Analysis_files/figure-latex/unnamed-chunk-4-1.pdf>
Package pdftex.def Info: Exploratory-Analysis_files/figure-latex/unnamed-chunk-
4-1.pdf  used on input line 130.
(pdftex.def)             Requested size: 469.76817pt x 208.78584pt.
<Exploratory-Analysis_files/figure-latex/unnamed-chunk-5-1.pdf, id=33, 469.755p
t x 325.215pt>
File: Exploratory-Analysis_files/figure-latex/unnamed-chunk-5-1.pdf Graphic fil
e (type pdf)
<use Exploratory-Analysis_files/figure-latex/unnamed-chunk-5-1.pdf>
Package pdftex.def Info: Exploratory-Analysis_files/figure-latex/unnamed-chunk-
5-1.pdf  used on input line 140.
(pdftex.def)             Requested size: 469.75386pt x 325.2142pt.
[1

{/Users/michaeltopper/Library/TinyTeX/texmf-var/fonts/map/pdftex/updmap/pdftex.
map} <./Exploratory-Analysis_files/figure-latex/unnamed-chunk-2-1.pdf> <./Explo
ratory-Analysis_files/figure-latex/unnamed-chunk-2-2.pdf>]
Overfull \vbox (1.87671pt too high) has occurred while \output is active []

[2 <./Exploratory-Analysis_files/figure-latex/unnamed-chunk-3-1.pdf> <./Explora
tory-Analysis_files/figure-latex/unnamed-chunk-5-1.pdf>] [3 <./Exploratory-Anal
ysis_files/figure-latex/unnamed-chunk-4-1.pdf>]
<Exploratory-Analysis_files/figure-latex/unnamed-chunk-6-1.pdf, id=86, 469.755p
t x 325.215pt>
File: Exploratory-Analysis_files/figure-latex/unnamed-chunk-6-1.pdf Graphic fil
e (type pdf)
<use Exploratory-Analysis_files/figure-latex/unnamed-chunk-6-1.pdf>
Package pdftex.def Info: Exploratory-Analysis_files/figure-latex/unnamed-chunk-
6-1.pdf  used on input line 145.
(pdftex.def)             Requested size: 469.75386pt x 325.2142pt.
<Exploratory-Analysis_files/figure-latex/unnamed-chunk-6-2.pdf, id=87, 469.755p
t x 325.215pt>
File: Exploratory-Analysis_files/figure-latex/unnamed-chunk-6-2.pdf Graphic fil
e (type pdf)
<use Exploratory-Analysis_files/figure-latex/unnamed-chunk-6-2.pdf>
Package pdftex.def Info: Exploratory-Analysis_files/figure-latex/unnamed-chunk-
6-2.pdf  used on input line 146.
(pdftex.def)             Requested size: 469.75386pt x 325.2142pt.

Underfull \hbox (badness 10000) in paragraph at lines 145--147
[][]
 []

<Exploratory-Analysis_files/figure-latex/unnamed-chunk-7-1.pdf, id=88, 794.97pt
 x 650.43pt>
File: Exploratory-Analysis_files/figure-latex/unnamed-chunk-7-1.pdf Graphic fil
e (type pdf)
<use Exploratory-Analysis_files/figure-latex/unnamed-chunk-7-1.pdf>
Package pdftex.def Info: Exploratory-Analysis_files/figure-latex/unnamed-chunk-
7-1.pdf  used on input line 149.
(pdftex.def)             Requested size: 469.76819pt x 384.35577pt.
[4 <./Exploratory-Analysis_files/figure-latex/unnamed-chunk-6-1.pdf>]
<Exploratory-Analysis_files/figure-latex/unnamed-chunk-8-1.pdf, id=98, 469.755p
t x 325.215pt>
File: Exploratory-Analysis_files/figure-latex/unnamed-chunk-8-1.pdf Graphic fil
e (type pdf)
<use Exploratory-Analysis_files/figure-latex/unnamed-chunk-8-1.pdf>
Package pdftex.def Info: Exploratory-Analysis_files/figure-latex/unnamed-chunk-
8-1.pdf  used on input line 161.
(pdftex.def)             Requested size: 469.75386pt x 325.2142pt.
<Exploratory-Analysis_files/figure-latex/unnamed-chunk-8-2.pdf, id=99, 469.755p
t x 325.215pt>
File: Exploratory-Analysis_files/figure-latex/unnamed-chunk-8-2.pdf Graphic fil
e (type pdf)
<use Exploratory-Analysis_files/figure-latex/unnamed-chunk-8-2.pdf>
Package pdftex.def Info: Exploratory-Analysis_files/figure-latex/unnamed-chunk-
8-2.pdf  used on input line 162.
(pdftex.def)             Requested size: 469.75386pt x 325.2142pt.

Underfull \hbox (badness 10000) in paragraph at lines 161--163
[][]
 []

[5 <./Exploratory-Analysis_files/figure-latex/unnamed-chunk-6-2.pdf>] [6 <./Exp
loratory-Analysis_files/figure-latex/unnamed-chunk-7-1.pdf>] [7 <./Exploratory-
Analysis_files/figure-latex/unnamed-chunk-8-1.pdf>]
LaTeX Font Info:    External font `lmex10' loaded for size
(Font)              <10> on input line 169.
LaTeX Font Info:    External font `lmex10' loaded for size
(Font)              <7> on input line 169.
LaTeX Font Info:    External font `lmex10' loaded for size
(Font)              <5> on input line 169.
<Exploratory-Analysis_files/figure-latex//hist_d5f6698252c6.pdf, id=131, 48.18p
t x 12.045pt>
File: Exploratory-Analysis_files/figure-latex//hist_d5f6698252c6.pdf Graphic fi
le (type pdf)
<use Exploratory-Analysis_files/figure-latex//hist_d5f6698252c6.pdf>
Package pdftex.def Info: Exploratory-Analysis_files/figure-latex//hist_d5f66982
52c6.pdf  used on input line 173.
(pdftex.def)             Requested size: 48.42024pt x 12.10504pt.
<Exploratory-Analysis_files/figure-latex//hist_d5f679d5a936.pdf, id=132, 48.18p
t x 12.045pt>
File: Exploratory-Analysis_files/figure-latex//hist_d5f679d5a936.pdf Graphic fi
le (type pdf)
<use Exploratory-Analysis_files/figure-latex//hist_d5f679d5a936.pdf>
Package pdftex.def Info: Exploratory-Analysis_files/figure-latex//hist_d5f679d5
a936.pdf  used on input line 174.
(pdftex.def)             Requested size: 48.42024pt x 12.10504pt.
<Exploratory-Analysis_files/figure-latex//hist_d5f67da5264d.pdf, id=133, 48.18p
t x 12.045pt>
File: Exploratory-Analysis_files/figure-latex//hist_d5f67da5264d.pdf Graphic fi
le (type pdf)
<use Exploratory-Analysis_files/figure-latex//hist_d5f67da5264d.pdf>
Package pdftex.def Info: Exploratory-Analysis_files/figure-latex//hist_d5f67da5
264d.pdf  used on input line 175.
(pdftex.def)             Requested size: 48.42024pt x 12.10504pt.
<Exploratory-Analysis_files/figure-latex//hist_d5f6180b6f3e.pdf, id=134, 48.18p
t x 12.045pt>
File: Exploratory-Analysis_files/figure-latex//hist_d5f6180b6f3e.pdf Graphic fi
le (type pdf)
<use Exploratory-Analysis_files/figure-latex//hist_d5f6180b6f3e.pdf>
Package pdftex.def Info: Exploratory-Analysis_files/figure-latex//hist_d5f6180b
6f3e.pdf  used on input line 176.
(pdftex.def)             Requested size: 48.42024pt x 12.10504pt.
<Exploratory-Analysis_files/figure-latex//hist_d5f61af57176.pdf, id=135, 48.18p
t x 12.045pt>
File: Exploratory-Analysis_files/figure-latex//hist_d5f61af57176.pdf Graphic fi
le (type pdf)
<use Exploratory-Analysis_files/figure-latex//hist_d5f61af57176.pdf>
Package pdftex.def Info: Exploratory-Analysis_files/figure-latex//hist_d5f61af5
7176.pdf  used on input line 177.
(pdftex.def)             Requested size: 48.42024pt x 12.10504pt.
<Exploratory-Analysis_files/figure-latex//hist_d5f638f45908.pdf, id=136, 48.18p
t x 12.045pt>
File: Exploratory-Analysis_files/figure-latex//hist_d5f638f45908.pdf Graphic fi
le (type pdf)
<use Exploratory-Analysis_files/figure-latex//hist_d5f638f45908.pdf>
Package pdftex.def Info: Exploratory-Analysis_files/figure-latex//hist_d5f638f4
5908.pdf  used on input line 178.
(pdftex.def)             Requested size: 48.42024pt x 12.10504pt.
<Exploratory-Analysis_files/figure-latex//hist_d5f66e617e67.pdf, id=137, 48.18p
t x 12.045pt>
File: Exploratory-Analysis_files/figure-latex//hist_d5f66e617e67.pdf Graphic fi
le (type pdf)
<use Exploratory-Analysis_files/figure-latex//hist_d5f66e617e67.pdf>
Package pdftex.def Info: Exploratory-Analysis_files/figure-latex//hist_d5f66e61
7e67.pdf  used on input line 179.
(pdftex.def)             Requested size: 48.42024pt x 12.10504pt.
<Exploratory-Analysis_files/figure-latex//hist_d5f6290a4297.pdf, id=138, 48.18p
t x 12.045pt>
File: Exploratory-Analysis_files/figure-latex//hist_d5f6290a4297.pdf Graphic fi
le (type pdf)
<use Exploratory-Analysis_files/figure-latex//hist_d5f6290a4297.pdf>
Package pdftex.def Info: Exploratory-Analysis_files/figure-latex//hist_d5f6290a
4297.pdf  used on input line 180.
(pdftex.def)             Requested size: 48.42024pt x 12.10504pt.
<Exploratory-Analysis_files/figure-latex//hist_d5f6155ede87.pdf, id=139, 48.18p
t x 12.045pt>
File: Exploratory-Analysis_files/figure-latex//hist_d5f6155ede87.pdf Graphic fi
le (type pdf)
<use Exploratory-Analysis_files/figure-latex//hist_d5f6155ede87.pdf>
Package pdftex.def Info: Exploratory-Analysis_files/figure-latex//hist_d5f6155e
de87.pdf  used on input line 181.
(pdftex.def)             Requested size: 48.42024pt x 12.10504pt.
<Exploratory-Analysis_files/figure-latex//hist_d5f61463b35b.pdf, id=140, 48.18p
t x 12.045pt>
File: Exploratory-Analysis_files/figure-latex//hist_d5f61463b35b.pdf Graphic fi
le (type pdf)
<use Exploratory-Analysis_files/figure-latex//hist_d5f61463b35b.pdf>
Package pdftex.def Info: Exploratory-Analysis_files/figure-latex//hist_d5f61463
b35b.pdf  used on input line 182.
(pdftex.def)             Requested size: 48.42024pt x 12.10504pt.
<Exploratory-Analysis_files/figure-latex//hist_d5f6693f0d29.pdf, id=141, 48.18p
t x 12.045pt>
File: Exploratory-Analysis_files/figure-latex//hist_d5f6693f0d29.pdf Graphic fi
le (type pdf)
<use Exploratory-Analysis_files/figure-latex//hist_d5f6693f0d29.pdf>
Package pdftex.def Info: Exploratory-Analysis_files/figure-latex//hist_d5f6693f
0d29.pdf  used on input line 183.
(pdftex.def)             Requested size: 48.42024pt x 12.10504pt.
<Exploratory-Analysis_files/figure-latex//hist_d5f67b74b51e.pdf, id=142, 48.18p
t x 12.045pt>
File: Exploratory-Analysis_files/figure-latex//hist_d5f67b74b51e.pdf Graphic fi
le (type pdf)
<use Exploratory-Analysis_files/figure-latex//hist_d5f67b74b51e.pdf>
Package pdftex.def Info: Exploratory-Analysis_files/figure-latex//hist_d5f67b74
b51e.pdf  used on input line 184.
(pdftex.def)             Requested size: 48.42024pt x 12.10504pt.
<Exploratory-Analysis_files/figure-latex//hist_d5f613883da.pdf, id=143, 48.18pt
 x 12.045pt>
File: Exploratory-Analysis_files/figure-latex//hist_d5f613883da.pdf Graphic fil
e (type pdf)
<use Exploratory-Analysis_files/figure-latex//hist_d5f613883da.pdf>
Package pdftex.def Info: Exploratory-Analysis_files/figure-latex//hist_d5f61388
3da.pdf  used on input line 185.
(pdftex.def)             Requested size: 48.42024pt x 12.10504pt.
<Exploratory-Analysis_files/figure-latex//hist_d5f64c789fc1.pdf, id=144, 48.18p
t x 12.045pt>
File: Exploratory-Analysis_files/figure-latex//hist_d5f64c789fc1.pdf Graphic fi
le (type pdf)
<use Exploratory-Analysis_files/figure-latex//hist_d5f64c789fc1.pdf>
Package pdftex.def Info: Exploratory-Analysis_files/figure-latex//hist_d5f64c78
9fc1.pdf  used on input line 186.
(pdftex.def)             Requested size: 48.42024pt x 12.10504pt.
<Exploratory-Analysis_files/figure-latex//hist_d5f677252f8a.pdf, id=145, 48.18p
t x 12.045pt>
File: Exploratory-Analysis_files/figure-latex//hist_d5f677252f8a.pdf Graphic fi
le (type pdf)
<use Exploratory-Analysis_files/figure-latex//hist_d5f677252f8a.pdf>
Package pdftex.def Info: Exploratory-Analysis_files/figure-latex//hist_d5f67725
2f8a.pdf  used on input line 187.
(pdftex.def)             Requested size: 48.42024pt x 12.10504pt.
<Exploratory-Analysis_files/figure-latex//hist_d5f63cf13e4.pdf, id=146, 48.18pt
 x 12.045pt>
File: Exploratory-Analysis_files/figure-latex//hist_d5f63cf13e4.pdf Graphic fil
e (type pdf)
<use Exploratory-Analysis_files/figure-latex//hist_d5f63cf13e4.pdf>
Package pdftex.def Info: Exploratory-Analysis_files/figure-latex//hist_d5f63cf1
3e4.pdf  used on input line 188.
(pdftex.def)             Requested size: 48.42024pt x 12.10504pt.
<Exploratory-Analysis_files/figure-latex//hist_d5f6618ba416.pdf, id=147, 48.18p
t x 12.045pt>
File: Exploratory-Analysis_files/figure-latex//hist_d5f6618ba416.pdf Graphic fi
le (type pdf)
<use Exploratory-Analysis_files/figure-latex//hist_d5f6618ba416.pdf>
Package pdftex.def Info: Exploratory-Analysis_files/figure-latex//hist_d5f6618b
a416.pdf  used on input line 189.
(pdftex.def)             Requested size: 48.42024pt x 12.10504pt.
<Exploratory-Analysis_files/figure-latex//hist_d5f6edb2b9a.pdf, id=148, 48.18pt
 x 12.045pt>
File: Exploratory-Analysis_files/figure-latex//hist_d5f6edb2b9a.pdf Graphic fil
e (type pdf)
<use Exploratory-Analysis_files/figure-latex//hist_d5f6edb2b9a.pdf>
Package pdftex.def Info: Exploratory-Analysis_files/figure-latex//hist_d5f6edb2
b9a.pdf  used on input line 190.
(pdftex.def)             Requested size: 48.42024pt x 12.10504pt.
<Exploratory-Analysis_files/figure-latex//hist_d5f638e532b1.pdf, id=149, 48.18p
t x 12.045pt>
File: Exploratory-Analysis_files/figure-latex//hist_d5f638e532b1.pdf Graphic fi
le (type pdf)
<use Exploratory-Analysis_files/figure-latex//hist_d5f638e532b1.pdf>
Package pdftex.def Info: Exploratory-Analysis_files/figure-latex//hist_d5f638e5
32b1.pdf  used on input line 191.
(pdftex.def)             Requested size: 48.42024pt x 12.10504pt.
<Exploratory-Analysis_files/figure-latex//hist_d5f674b2b25a.pdf, id=150, 48.18p
t x 12.045pt>
File: Exploratory-Analysis_files/figure-latex//hist_d5f674b2b25a.pdf Graphic fi
le (type pdf)
<use Exploratory-Analysis_files/figure-latex//hist_d5f674b2b25a.pdf>
Package pdftex.def Info: Exploratory-Analysis_files/figure-latex//hist_d5f674b2
b25a.pdf  used on input line 192.
(pdftex.def)             Requested size: 48.42024pt x 12.10504pt.
<Exploratory-Analysis_files/figure-latex//hist_d5f61f37f184.pdf, id=151, 48.18p
t x 12.045pt>
File: Exploratory-Analysis_files/figure-latex//hist_d5f61f37f184.pdf Graphic fi
le (type pdf)
<use Exploratory-Analysis_files/figure-latex//hist_d5f61f37f184.pdf>
Package pdftex.def Info: Exploratory-Analysis_files/figure-latex//hist_d5f61f37
f184.pdf  used on input line 193.
(pdftex.def)             Requested size: 48.42024pt x 12.10504pt.
<Exploratory-Analysis_files/figure-latex//hist_d5f638d5835c.pdf, id=152, 48.18p
t x 12.045pt>
File: Exploratory-Analysis_files/figure-latex//hist_d5f638d5835c.pdf Graphic fi
le (type pdf)
<use Exploratory-Analysis_files/figure-latex//hist_d5f638d5835c.pdf>
Package pdftex.def Info: Exploratory-Analysis_files/figure-latex//hist_d5f638d5
835c.pdf  used on input line 194.
(pdftex.def)             Requested size: 48.42024pt x 12.10504pt.
<Exploratory-Analysis_files/figure-latex//hist_d5f67725512a.pdf, id=153, 48.18p
t x 12.045pt>
File: Exploratory-Analysis_files/figure-latex//hist_d5f67725512a.pdf Graphic fi
le (type pdf)
<use Exploratory-Analysis_files/figure-latex//hist_d5f67725512a.pdf>
Package pdftex.def Info: Exploratory-Analysis_files/figure-latex//hist_d5f67725
512a.pdf  used on input line 195.
(pdftex.def)             Requested size: 48.42024pt x 12.10504pt.
<Exploratory-Analysis_files/figure-latex//hist_d5f6274cfff0.pdf, id=154, 48.18p
t x 12.045pt>
File: Exploratory-Analysis_files/figure-latex//hist_d5f6274cfff0.pdf Graphic fi
le (type pdf)
<use Exploratory-Analysis_files/figure-latex//hist_d5f6274cfff0.pdf>
Package pdftex.def Info: Exploratory-Analysis_files/figure-latex//hist_d5f6274c
fff0.pdf  used on input line 196.
(pdftex.def)             Requested size: 48.42024pt x 12.10504pt.
<Exploratory-Analysis_files/figure-latex//hist_d5f66944b7c2.pdf, id=155, 48.18p
t x 12.045pt>
File: Exploratory-Analysis_files/figure-latex//hist_d5f66944b7c2.pdf Graphic fi
le (type pdf)
<use Exploratory-Analysis_files/figure-latex//hist_d5f66944b7c2.pdf>
Package pdftex.def Info: Exploratory-Analysis_files/figure-latex//hist_d5f66944
b7c2.pdf  used on input line 197.
(pdftex.def)             Requested size: 48.42024pt x 12.10504pt.
<Exploratory-Analysis_files/figure-latex//hist_d5f67557b7f6.pdf, id=156, 48.18p
t x 12.045pt>
File: Exploratory-Analysis_files/figure-latex//hist_d5f67557b7f6.pdf Graphic fi
le (type pdf)
<use Exploratory-Analysis_files/figure-latex//hist_d5f67557b7f6.pdf>
Package pdftex.def Info: Exploratory-Analysis_files/figure-latex//hist_d5f67557
b7f6.pdf  used on input line 198.
(pdftex.def)             Requested size: 48.42024pt x 12.10504pt.
<Exploratory-Analysis_files/figure-latex//hist_d5f6e554645.pdf, id=157, 48.18pt
 x 12.045pt>
File: Exploratory-Analysis_files/figure-latex//hist_d5f6e554645.pdf Graphic fil
e (type pdf)
<use Exploratory-Analysis_files/figure-latex//hist_d5f6e554645.pdf>
Package pdftex.def Info: Exploratory-Analysis_files/figure-latex//hist_d5f6e554
645.pdf  used on input line 199.
(pdftex.def)             Requested size: 48.42024pt x 12.10504pt.
<Exploratory-Analysis_files/figure-latex//hist_d5f65fc36ee8.pdf, id=158, 48.18p
t x 12.045pt>
File: Exploratory-Analysis_files/figure-latex//hist_d5f65fc36ee8.pdf Graphic fi
le (type pdf)
<use Exploratory-Analysis_files/figure-latex//hist_d5f65fc36ee8.pdf>
Package pdftex.def Info: Exploratory-Analysis_files/figure-latex//hist_d5f65fc3
6ee8.pdf  used on input line 200.
(pdftex.def)             Requested size: 48.42024pt x 12.10504pt.
<Exploratory-Analysis_files/figure-latex//hist_d5f630a4ad1b.pdf, id=159, 48.18p
t x 12.045pt>
File: Exploratory-Analysis_files/figure-latex//hist_d5f630a4ad1b.pdf Graphic fi
le (type pdf)
<use Exploratory-Analysis_files/figure-latex//hist_d5f630a4ad1b.pdf>
Package pdftex.def Info: Exploratory-Analysis_files/figure-latex//hist_d5f630a4
ad1b.pdf  used on input line 201.
(pdftex.def)             Requested size: 48.42024pt x 12.10504pt.
<Exploratory-Analysis_files/figure-latex//hist_d5f653713c6.pdf, id=160, 48.18pt
 x 12.045pt>
File: Exploratory-Analysis_files/figure-latex//hist_d5f653713c6.pdf Graphic fil
e (type pdf)
<use Exploratory-Analysis_files/figure-latex//hist_d5f653713c6.pdf>
Package pdftex.def Info: Exploratory-Analysis_files/figure-latex//hist_d5f65371
3c6.pdf  used on input line 202.
(pdftex.def)             Requested size: 48.42024pt x 12.10504pt.
<Exploratory-Analysis_files/figure-latex//hist_d5f64b88165a.pdf, id=161, 48.18p
t x 12.045pt>
File: Exploratory-Analysis_files/figure-latex//hist_d5f64b88165a.pdf Graphic fi
le (type pdf)
<use Exploratory-Analysis_files/figure-latex//hist_d5f64b88165a.pdf>
Package pdftex.def Info: Exploratory-Analysis_files/figure-latex//hist_d5f64b88
165a.pdf  used on input line 203.
(pdftex.def)             Requested size: 48.42024pt x 12.10504pt.
<Exploratory-Analysis_files/figure-latex//hist_d5f64958dbd2.pdf, id=162, 48.18p
t x 12.045pt>
File: Exploratory-Analysis_files/figure-latex//hist_d5f64958dbd2.pdf Graphic fi
le (type pdf)
<use Exploratory-Analysis_files/figure-latex//hist_d5f64958dbd2.pdf>
Package pdftex.def Info: Exploratory-Analysis_files/figure-latex//hist_d5f64958
dbd2.pdf  used on input line 204.
(pdftex.def)             Requested size: 48.42024pt x 12.10504pt.
<Exploratory-Analysis_files/figure-latex//hist_d5f619a66282.pdf, id=163, 48.18p
t x 12.045pt>
File: Exploratory-Analysis_files/figure-latex//hist_d5f619a66282.pdf Graphic fi
le (type pdf)
<use Exploratory-Analysis_files/figure-latex//hist_d5f619a66282.pdf>
Package pdftex.def Info: Exploratory-Analysis_files/figure-latex//hist_d5f619a6
6282.pdf  used on input line 205.
(pdftex.def)             Requested size: 48.42024pt x 12.10504pt.
<Exploratory-Analysis_files/figure-latex//hist_d5f653ffeaae.pdf, id=164, 48.18p
t x 12.045pt>
File: Exploratory-Analysis_files/figure-latex//hist_d5f653ffeaae.pdf Graphic fi
le (type pdf)
<use Exploratory-Analysis_files/figure-latex//hist_d5f653ffeaae.pdf>
Package pdftex.def Info: Exploratory-Analysis_files/figure-latex//hist_d5f653ff
eaae.pdf  used on input line 206.
(pdftex.def)             Requested size: 48.42024pt x 12.10504pt.
<Exploratory-Analysis_files/figure-latex//hist_d5f62797edae.pdf, id=165, 48.18p
t x 12.045pt>
File: Exploratory-Analysis_files/figure-latex//hist_d5f62797edae.pdf Graphic fi
le (type pdf)
<use Exploratory-Analysis_files/figure-latex//hist_d5f62797edae.pdf>
Package pdftex.def Info: Exploratory-Analysis_files/figure-latex//hist_d5f62797
edae.pdf  used on input line 207.
(pdftex.def)             Requested size: 48.42024pt x 12.10504pt.
<Exploratory-Analysis_files/figure-latex//hist_d5f646896ec0.pdf, id=166, 48.18p
t x 12.045pt>
File: Exploratory-Analysis_files/figure-latex//hist_d5f646896ec0.pdf Graphic fi
le (type pdf)
<use Exploratory-Analysis_files/figure-latex//hist_d5f646896ec0.pdf>
Package pdftex.def Info: Exploratory-Analysis_files/figure-latex//hist_d5f64689
6ec0.pdf  used on input line 208.
(pdftex.def)             Requested size: 48.42024pt x 12.10504pt.
<Exploratory-Analysis_files/figure-latex//hist_d5f6283ffed8.pdf, id=167, 48.18p
t x 12.045pt>
File: Exploratory-Analysis_files/figure-latex//hist_d5f6283ffed8.pdf Graphic fi
le (type pdf)
<use Exploratory-Analysis_files/figure-latex//hist_d5f6283ffed8.pdf>
Package pdftex.def Info: Exploratory-Analysis_files/figure-latex//hist_d5f6283f
fed8.pdf  used on input line 209.
(pdftex.def)             Requested size: 48.42024pt x 12.10504pt.
<Exploratory-Analysis_files/figure-latex//hist_d5f671d736b9.pdf, id=168, 48.18p
t x 12.045pt>
File: Exploratory-Analysis_files/figure-latex//hist_d5f671d736b9.pdf Graphic fi
le (type pdf)
<use Exploratory-Analysis_files/figure-latex//hist_d5f671d736b9.pdf>
Package pdftex.def Info: Exploratory-Analysis_files/figure-latex//hist_d5f671d7
36b9.pdf  used on input line 210.
(pdftex.def)             Requested size: 48.42024pt x 12.10504pt.
<Exploratory-Analysis_files/figure-latex//hist_d5f64b9fdd3b.pdf, id=169, 48.18p
t x 12.045pt>
File: Exploratory-Analysis_files/figure-latex//hist_d5f64b9fdd3b.pdf Graphic fi
le (type pdf)
<use Exploratory-Analysis_files/figure-latex//hist_d5f64b9fdd3b.pdf>
Package pdftex.def Info: Exploratory-Analysis_files/figure-latex//hist_d5f64b9f
dd3b.pdf  used on input line 211.
(pdftex.def)             Requested size: 48.42024pt x 12.10504pt.

Overfull \hbox (233.05379pt too wide) in paragraph at lines 169--214
 [][] 
 []

[8 <./Exploratory-Analysis_files/figure-latex/unnamed-chunk-8-2.pdf>] [9 <./Exp
loratory-Analysis_files/figure-latex//hist_d5f6698252c6.pdf> <./Exploratory-Ana
lysis_files/figure-latex//hist_d5f679d5a936.pdf> <./Exploratory-Analysis_files/
figure-latex//hist_d5f67da5264d.pdf> <./Exploratory-Analysis_files/figure-latex
//hist_d5f6180b6f3e.pdf> <./Exploratory-Analysis_files/figure-latex//hist_d5f61
af57176.pdf> <./Exploratory-Analysis_files/figure-latex//hist_d5f638f45908.pdf>
 <./Exploratory-Analysis_files/figure-latex//hist_d5f66e617e67.pdf> <./Explorat
ory-Analysis_files/figure-latex//hist_d5f6290a4297.pdf> <./Exploratory-Analysis
_files/figure-latex//hist_d5f6155ede87.pdf> <./Exploratory-Analysis_files/figur
e-latex//hist_d5f61463b35b.pdf> <./Exploratory-Analysis_files/figure-latex//his
t_d5f6693f0d29.pdf> <./Exploratory-Analysis_files/figure-latex//hist_d5f67b74b5
1e.pdf> <./Exploratory-Analysis_files/figure-latex//hist_d5f613883da.pdf> <./Ex
ploratory-Analysis_files/figure-latex//hist_d5f64c789fc1.pdf> <./Exploratory-An
alysis_files/figure-latex//hist_d5f677252f8a.pdf> <./Exploratory-Analysis_files
/figure-latex//hist_d5f63cf13e4.pdf> <./Exploratory-Analysis_files/figure-latex
//hist_d5f6618ba416.pdf> <./Exploratory-Analysis_files/figure-latex//hist_d5f6e
db2b9a.pdf> <./Exploratory-Analysis_files/figure-latex//hist_d5f638e532b1.pdf> 
<./Exploratory-Analysis_files/figure-latex//hist_d5f674b2b25a.pdf> <./Explorato
ry-Analysis_files/figure-latex//hist_d5f61f37f184.pdf> <./Exploratory-Analysis_
files/figure-latex//hist_d5f638d5835c.pdf> <./Exploratory-Analysis_files/figure
-latex//hist_d5f67725512a.pdf> <./Exploratory-Analysis_files/figure-latex//hist
_d5f6274cfff0.pdf> <./Exploratory-Analysis_files/figure-latex//hist_d5f66944b7c
2.pdf> <./Exploratory-Analysis_files/figure-latex//hist_d5f67557b7f6.pdf> <./Ex
ploratory-Analysis_files/figure-latex//hist_d5f6e554645.pdf> <./Exploratory-Ana
lysis_files/figure-latex//hist_d5f65fc36ee8.pdf> <./Exploratory-Analysis_files/
figure-latex//hist_d5f630a4ad1b.pdf> <./Exploratory-Analysis_files/figure-latex
//hist_d5f653713c6.pdf> <./Exploratory-Analysis_files/figure-latex//hist_d5f64b
88165a.pdf> <./Exploratory-Analysis_files/figure-latex//hist_d5f64958dbd2.pdf> 
<./Exploratory-Analysis_files/figure-latex//hist_d5f619a66282.pdf> <./Explorato
ry-Analysis_files/figure-latex//hist_d5f653ffeaae.pdf> <./Exploratory-Analysis_
files/figure-latex//hist_d5f62797edae.pdf> <./Exploratory-Analysis_files/figure
-latex//hist_d5f646896ec0.pdf> <./Exploratory-Analysis_files/figure-latex//hist
_d5f6283ffed8.pdf> <./Exploratory-Analysis_files/figure-latex//hist_d5f671d736b
9.pdf> <./Exploratory-Analysis_files/figure-latex//hist_d5f64b9fdd3b.pdf>] (./E
xploratory-Analysis.aux)

LaTeX Warning: There were undefined references.

Package rerunfilecheck Info: File `Exploratory-Analysis.out' has not changed.
(rerunfilecheck)             Checksum: 3377684EF858A486778AA286896201D0;807.
 ) 
Here is how much of TeX's memory you used:
 13466 strings out of 481288
 216684 string characters out of 5915810
 530419 words of memory out of 5000000
 30046 multiletter control sequences out of 15000+600000
 451813 words of font info for 67 fonts, out of 8000000 for 9000
 14 hyphenation exceptions out of 8191
 71i,13n,79p,490b,414s stack positions out of 5000i,500n,10000p,200000b,80000s
{/Users/michaeltopper/Library/TinyTeX/texmf-dist/fonts/enc/dvips/lm/lm-ec.enc
}</Users/michaeltopper/Library/TinyTeX/texmf-dist/fonts/type1/public/lm/lmbx10.
pfb></Users/michaeltopper/Library/TinyTeX/texmf-dist/fonts/type1/public/lm/lmbx
12.pfb></Users/michaeltopper/Library/TinyTeX/texmf-dist/fonts/type1/public/lm/l
mr10.pfb></Users/michaeltopper/Library/TinyTeX/texmf-dist/fonts/type1/public/lm
/lmr12.pfb></Users/michaeltopper/Library/TinyTeX/texmf-dist/fonts/type1/public/
lm/lmr17.pfb></Users/michaeltopper/Library/TinyTeX/texmf-dist/fonts/type1/publi
c/lm/lmr8.pfb>
Output written on Exploratory-Analysis.pdf (9 pages, 384336 bytes).
PDF statistics:
 334 PDF objects out of 1000 (max. 8388607)
 216 compressed objects within 3 object streams
 29 named destinations out of 1000 (max. 500000)
 294 words of extra memory for PDF output out of 10000 (max. 10000000)

