This is XeTeX, Version 3.14159265-2.6-0.999992 (TeX Live 2020) (preloaded format=xelatex 2020.6.19)  1 JUL 2020 07:52
entering extended mode
 restricted \write18 enabled.
 %&-line parsing enabled.
**5_26_update-.tex
(./5_26_update-.tex
LaTeX2e <2020-02-02> patch level 5
L3 programming layer <2020-06-18> (/Users/dannyklinenberg/Library/TinyTeX/texmf
-dist/tex/latex/base/article.cls
Document Class: article 2019/12/20 v1.4l Standard LaTeX document class
(/Users/dannyklinenberg/Library/TinyTeX/texmf-dist/tex/latex/base/size10.clo
File: size10.clo 2019/12/20 v1.4l Standard LaTeX file (size option)
)
\c@part=\count163
\c@section=\count164
\c@subsection=\count165
\c@subsubsection=\count166
\c@paragraph=\count167
\c@subparagraph=\count168
\c@figure=\count169
\c@table=\count170
\abovecaptionskip=\skip47
\belowcaptionskip=\skip48
\bibindent=\dimen134
) (/Users/dannyklinenberg/Library/TinyTeX/texmf-dist/tex/latex/lm/lmodern.sty
Package: lmodern 2009/10/30 v1.6 Latin Modern Fonts
LaTeX Font Info:    Overwriting symbol font `operators' in version `normal'
(Font)                  OT1/cmr/m/n --> OT1/lmr/m/n on input line 22.
LaTeX Font Info:    Overwriting symbol font `letters' in version `normal'
(Font)                  OML/cmm/m/it --> OML/lmm/m/it on input line 23.
LaTeX Font Info:    Overwriting symbol font `symbols' in version `normal'
(Font)                  OMS/cmsy/m/n --> OMS/lmsy/m/n on input line 24.
LaTeX Font Info:    Overwriting symbol font `largesymbols' in version `normal'
(Font)                  OMX/cmex/m/n --> OMX/lmex/m/n on input line 25.
LaTeX Font Info:    Overwriting symbol font `operators' in version `bold'
(Font)                  OT1/cmr/bx/n --> OT1/lmr/bx/n on input line 26.
LaTeX Font Info:    Overwriting symbol font `letters' in version `bold'
(Font)                  OML/cmm/b/it --> OML/lmm/b/it on input line 27.
LaTeX Font Info:    Overwriting symbol font `symbols' in version `bold'
(Font)                  OMS/cmsy/b/n --> OMS/lmsy/b/n on input line 28.
LaTeX Font Info:    Overwriting symbol font `largesymbols' in version `bold'
(Font)                  OMX/cmex/m/n --> OMX/lmex/m/n on input line 29.
LaTeX Font Info:    Overwriting math alphabet `\mathbf' in version `normal'
(Font)                  OT1/cmr/bx/n --> OT1/lmr/bx/n on input line 31.
LaTeX Font Info:    Overwriting math alphabet `\mathsf' in version `normal'
(Font)                  OT1/cmss/m/n --> OT1/lmss/m/n on input line 32.
LaTeX Font Info:    Overwriting math alphabet `\mathit' in version `normal'
(Font)                  OT1/cmr/m/it --> OT1/lmr/m/it on input line 33.
LaTeX Font Info:    Overwriting math alphabet `\mathtt' in version `normal'
(Font)                  OT1/cmtt/m/n --> OT1/lmtt/m/n on input line 34.
LaTeX Font Info:    Overwriting math alphabet `\mathbf' in version `bold'
(Font)                  OT1/cmr/bx/n --> OT1/lmr/bx/n on input line 35.
LaTeX Font Info:    Overwriting math alphabet `\mathsf' in version `bold'
(Font)                  OT1/cmss/bx/n --> OT1/lmss/bx/n on input line 36.
LaTeX Font Info:    Overwriting math alphabet `\mathit' in version `bold'
(Font)                  OT1/cmr/bx/it --> OT1/lmr/bx/it on input line 37.
LaTeX Font Info:    Overwriting math alphabet `\mathtt' in version `bold'
(Font)                  OT1/cmtt/m/n --> OT1/lmtt/m/n on input line 38.
)
(/Users/dannyklinenberg/Library/TinyTeX/texmf-dist/tex/latex/amsfonts/amssymb.s
ty
Package: amssymb 2013/01/14 v3.01 AMS font symbols

(/Users/dannyklinenberg/Library/TinyTeX/texmf-dist/tex/latex/amsfonts/amsfonts.
sty
Package: amsfonts 2013/01/14 v3.01 Basic AMSFonts support
\@emptytoks=\toks15
\symAMSa=\mathgroup4
\symAMSb=\mathgroup5
LaTeX Font Info:    Redeclaring math symbol \hbar on input line 98.
LaTeX Font Info:    Overwriting math alphabet `\mathfrak' in version `bold'
(Font)                  U/euf/m/n --> U/euf/b/n on input line 106.
))
(/Users/dannyklinenberg/Library/TinyTeX/texmf-dist/tex/latex/amsmath/amsmath.st
y
Package: amsmath 2020/01/20 v2.17e AMS math features
\@mathmargin=\skip49
For additional information on amsmath, use the `?' option.

(/Users/dannyklinenberg/Library/TinyTeX/texmf-dist/tex/latex/amsmath/amstext.st
y
Package: amstext 2000/06/29 v2.01 AMS text

(/Users/dannyklinenberg/Library/TinyTeX/texmf-dist/tex/latex/amsmath/amsgen.sty
File: amsgen.sty 1999/11/30 v2.0 generic functions
\@emptytoks=\toks16
\ex@=\dimen135
))
(/Users/dannyklinenberg/Library/TinyTeX/texmf-dist/tex/latex/amsmath/amsbsy.sty
Package: amsbsy 1999/11/29 v1.2d Bold Symbols
\pmbraise@=\dimen136
)
(/Users/dannyklinenberg/Library/TinyTeX/texmf-dist/tex/latex/amsmath/amsopn.sty
Package: amsopn 2016/03/08 v2.02 operator names
)
\inf@bad=\count171
LaTeX Info: Redefining \frac on input line 227.
\uproot@=\count172
\leftroot@=\count173
LaTeX Info: Redefining \overline on input line 389.
\classnum@=\count174
\DOTSCASE@=\count175
LaTeX Info: Redefining \ldots on input line 486.
LaTeX Info: Redefining \dots on input line 489.
LaTeX Info: Redefining \cdots on input line 610.
\Mathstrutbox@=\box45
\strutbox@=\box46
\big@size=\dimen137
LaTeX Font Info:    Redeclaring font encoding OML on input line 733.
LaTeX Font Info:    Redeclaring font encoding OMS on input line 734.
\macc@depth=\count176
\c@MaxMatrixCols=\count177
\dotsspace@=\muskip16
\c@parentequation=\count178
\dspbrk@lvl=\count179
\tag@help=\toks17
\row@=\count180
\column@=\count181
\maxfields@=\count182
\andhelp@=\toks18
\eqnshift@=\dimen138
\alignsep@=\dimen139
\tagshift@=\dimen140
\tagwidth@=\dimen141
\totwidth@=\dimen142
\lineht@=\dimen143
\@envbody=\toks19
\multlinegap=\skip50
\multlinetaggap=\skip51
\mathdisplay@stack=\toks20
LaTeX Info: Redefining \[ on input line 2859.
LaTeX Info: Redefining \] on input line 2860.
)
(/Users/dannyklinenberg/Library/TinyTeX/texmf-dist/tex/generic/iftex/ifxetex.st
y
Package: ifxetex 2019/10/25 v0.7 ifxetex legacy package. Use iftex instead.
(/Users/dannyklinenberg/Library/TinyTeX/texmf-dist/tex/generic/iftex/iftex.sty
Package: iftex 2020/03/06 v1.0d TeX engine tests
))
(/Users/dannyklinenberg/Library/TinyTeX/texmf-dist/tex/generic/iftex/ifluatex.s
ty
Package: ifluatex 2019/10/25 v1.5 ifluatex legacy package. Use iftex instead.
)
(/Users/dannyklinenberg/Library/TinyTeX/texmf-dist/tex/latex/unicode-math/unico
de-math.sty
(/Users/dannyklinenberg/Library/TinyTeX/texmf-dist/tex/latex/l3kernel/expl3.sty
Package: expl3 2020-06-18 L3 programming layer (loader) 

(/Users/dannyklinenberg/Library/TinyTeX/texmf-dist/tex/latex/l3backend/l3backen
d-xdvipdfmx.def
File: l3backend-xdvipdfmx.def 2020-06-23 L3 backend support: xdvipdfmx
\g__graphics_track_int=\count183
\l__pdf_internal_box=\box47
\g__pdf_backend_object_int=\count184
\g__pdf_backend_annotation_int=\count185
))
Package: unicode-math 2020/01/31 v0.8q Unicode maths in XeLaTeX and LuaLaTeX

(/Users/dannyklinenberg/Library/TinyTeX/texmf-dist/tex/latex/unicode-math/unico
de-math-xetex.sty
Package: unicode-math-xetex 2020/01/31 v0.8q Unicode maths in XeLaTeX and LuaLa
TeX

(/Users/dannyklinenberg/Library/TinyTeX/texmf-dist/tex/latex/l3packages/xparse/
xparse.sty
Package: xparse 2020-05-15 L3 Experimental document command parser

(/Users/dannyklinenberg/Library/TinyTeX/texmf-dist/tex/latex/l3packages/xparse/
xparse-generic.tex
\l__xparse_current_arg_int=\count186
\g__xparse_grabber_int=\count187
\l__xparse_m_args_int=\count188
\l__xparse_v_nesting_int=\count189
))
(/Users/dannyklinenberg/Library/TinyTeX/texmf-dist/tex/latex/l3packages/l3keys2
e/l3keys2e.sty
Package: l3keys2e 2020-05-15 LaTeX2e option processing using LaTeX3 keys
)
(/Users/dannyklinenberg/Library/TinyTeX/texmf-dist/tex/latex/fontspec/fontspec.
sty
Package: fontspec 2020/02/21 v2.7i Font selection for XeLaTeX and LuaLaTeX

(/Users/dannyklinenberg/Library/TinyTeX/texmf-dist/tex/latex/fontspec/fontspec-
xetex.sty
Package: fontspec-xetex 2020/02/21 v2.7i Font selection for XeLaTeX and LuaLaTe
X
\l__fontspec_script_int=\count190
\l__fontspec_language_int=\count191
\l__fontspec_strnum_int=\count192
\l__fontspec_tmp_int=\count193
\l__fontspec_tmpa_int=\count194
\l__fontspec_tmpb_int=\count195
\l__fontspec_tmpc_int=\count196
\l__fontspec_em_int=\count197
\l__fontspec_emdef_int=\count198
\l__fontspec_strong_int=\count199
\l__fontspec_strongdef_int=\count266
\l__fontspec_tmpa_dim=\dimen144
\l__fontspec_tmpb_dim=\dimen145
\l__fontspec_tmpc_dim=\dimen146
(/Users/dannyklinenberg/Library/TinyTeX/texmf-dist/tex/latex/base/fontenc.sty
Package: fontenc 2020/02/11 v2.0o Standard LaTeX package
)
(/Users/dannyklinenberg/Library/TinyTeX/texmf-dist/tex/latex/fontspec/fontspec.
cfg))) (/Users/dannyklinenberg/Library/TinyTeX/texmf-dist/tex/latex/base/fix-cm
.sty
Package: fix-cm 2015/01/14 v1.1t fixes to LaTeX
(/Users/dannyklinenberg/Library/TinyTeX/texmf-dist/tex/latex/base/ts1enc.def
File: ts1enc.def 2001/06/05 v3.0e (jk/car/fm) Standard LaTeX file
LaTeX Font Info:    Redeclaring font encoding TS1 on input line 47.
))
\g__um_fam_int=\count267
\g__um_fonts_used_int=\count268
\l__um_primecount_int=\count269
\g__um_primekern_muskip=\muskip17

(/Users/dannyklinenberg/Library/TinyTeX/texmf-dist/tex/latex/unicode-math/unico
de-math-table.tex)))
(/Users/dannyklinenberg/Library/TinyTeX/texmf-dist/tex/latex/upquote/upquote.st
y
Package: upquote 2012/04/19 v1.3 upright-quote and grave-accent glyphs in verba
tim
(/Users/dannyklinenberg/Library/TinyTeX/texmf-dist/tex/latex/base/textcomp.sty
Package: textcomp 2020/02/02 v2.0n Standard LaTeX package
)) (/Users/dannyklinenberg/Library/TinyTeX/texmf-dist/tex/latex/xcolor/xcolor.s
ty
Package: xcolor 2016/05/11 v2.12 LaTeX color extensions (UK)

(/Users/dannyklinenberg/Library/TinyTeX/texmf-dist/tex/latex/graphics-cfg/color
.cfg
File: color.cfg 2016/01/02 v1.6 sample color configuration
)
Package xcolor Info: Driver file: xetex.def on input line 225.

(/Users/dannyklinenberg/Library/TinyTeX/texmf-dist/tex/latex/graphics-def/xetex
.def
File: xetex.def 2017/06/24 v5.0h Graphics/color driver for xetex
)
Package xcolor Info: Model `cmy' substituted by `cmy0' on input line 1348.
Package xcolor Info: Model `RGB' extended on input line 1364.
Package xcolor Info: Model `HTML' substituted by `rgb' on input line 1366.
Package xcolor Info: Model `Hsb' substituted by `hsb' on input line 1367.
Package xcolor Info: Model `tHsb' substituted by `hsb' on input line 1368.
Package xcolor Info: Model `HSB' substituted by `hsb' on input line 1369.
Package xcolor Info: Model `Gray' substituted by `gray' on input line 1370.
Package xcolor Info: Model `wave' substituted by `hsb' on input line 1371.

(/Users/dannyklinenberg/Library/TinyTeX/texmf-dist/tex/latex/graphics/dvipsnam.
def
File: dvipsnam.def 2016/06/17 v3.0m Driver-dependent file (DPC,SPQR)
) (/Users/dannyklinenberg/Library/TinyTeX/texmf-dist/tex/latex/xcolor/svgnam.de
f
File: svgnam.def 2016/05/11 v2.12 Predefined colors according to SVG 1.1 (UK)
) (/Users/dannyklinenberg/Library/TinyTeX/texmf-dist/tex/latex/xcolor/x11nam.de
f
File: x11nam.def 2016/05/11 v2.12 Predefined colors according to Unix/X11 (UK)
))
(/Users/dannyklinenberg/Library/TinyTeX/texmf-dist/tex/latex/hyperref/hyperref.
sty
Package: hyperref 2020-05-15 v7.00e Hypertext links for LaTeX

(/Users/dannyklinenberg/Library/TinyTeX/texmf-dist/tex/generic/ltxcmds/ltxcmds.
sty
Package: ltxcmds 2019/12/15 v1.24 LaTeX kernel commands for general use (HO)
)
(/Users/dannyklinenberg/Library/TinyTeX/texmf-dist/tex/generic/pdftexcmds/pdfte
xcmds.sty
Package: pdftexcmds 2020-06-27 v0.33 Utility functions of pdfTeX for LuaTeX (HO
)

(/Users/dannyklinenberg/Library/TinyTeX/texmf-dist/tex/generic/infwarerr/infwar
err.sty
Package: infwarerr 2019/12/03 v1.5 Providing info/warning/error messages (HO)
)
Package pdftexcmds Info: \pdf@primitive is available.
Package pdftexcmds Info: \pdf@ifprimitive is available.
Package pdftexcmds Info: \pdfdraftmode not found.
)
(/Users/dannyklinenberg/Library/TinyTeX/texmf-dist/tex/latex/graphics/keyval.st
y
Package: keyval 2014/10/28 v1.15 key=value parser (DPC)
\KV@toks@=\toks21
)
(/Users/dannyklinenberg/Library/TinyTeX/texmf-dist/tex/generic/kvsetkeys/kvsetk
eys.sty
Package: kvsetkeys 2019/12/15 v1.18 Key value parser (HO)
)
(/Users/dannyklinenberg/Library/TinyTeX/texmf-dist/tex/generic/kvdefinekeys/kvd
efinekeys.sty
Package: kvdefinekeys 2019-12-19 v1.6 Define keys (HO)
)
(/Users/dannyklinenberg/Library/TinyTeX/texmf-dist/tex/generic/pdfescape/pdfesc
ape.sty
Package: pdfescape 2019/12/09 v1.15 Implements pdfTeX's escape features (HO)
)
(/Users/dannyklinenberg/Library/TinyTeX/texmf-dist/tex/latex/hycolor/hycolor.st
y
Package: hycolor 2020-01-27 v1.10 Color options for hyperref/bookmark (HO)
)
(/Users/dannyklinenberg/Library/TinyTeX/texmf-dist/tex/latex/letltxmacro/letltx
macro.sty
Package: letltxmacro 2019/12/03 v1.6 Let assignment for LaTeX macros (HO)
)
(/Users/dannyklinenberg/Library/TinyTeX/texmf-dist/tex/latex/auxhook/auxhook.st
y
Package: auxhook 2019-12-17 v1.6 Hooks for auxiliary files (HO)
)
(/Users/dannyklinenberg/Library/TinyTeX/texmf-dist/tex/latex/kvoptions/kvoption
s.sty
Package: kvoptions 2019/11/29 v3.13 Key value format for package options (HO)
)
\@linkdim=\dimen147
\Hy@linkcounter=\count270
\Hy@pagecounter=\count271

(/Users/dannyklinenberg/Library/TinyTeX/texmf-dist/tex/latex/hyperref/pd1enc.de
f
File: pd1enc.def 2020-05-15 v7.00e Hyperref: PDFDocEncoding definition (HO)
)
(/Users/dannyklinenberg/Library/TinyTeX/texmf-dist/tex/generic/intcalc/intcalc.
sty
Package: intcalc 2019/12/15 v1.3 Expandable calculations with integers (HO)
)
(/Users/dannyklinenberg/Library/TinyTeX/texmf-dist/tex/generic/etexcmds/etexcmd
s.sty
Package: etexcmds 2019/12/15 v1.7 Avoid name clashes with e-TeX commands (HO)
)
\Hy@SavedSpaceFactor=\count272
Package hyperref Info: Option `unicode' set `true' on input line 4338.

(/Users/dannyklinenberg/Library/TinyTeX/texmf-dist/tex/latex/hyperref/puenc.def
File: puenc.def 2020-05-15 v7.00e Hyperref: PDF Unicode definition (HO)
)
Package hyperref Info: Hyper figures OFF on input line 4464.
Package hyperref Info: Link nesting OFF on input line 4469.
Package hyperref Info: Hyper index ON on input line 4472.
Package hyperref Info: Plain pages OFF on input line 4479.
Package hyperref Info: Backreferencing OFF on input line 4484.
Package hyperref Info: Implicit mode ON; LaTeX internals redefined.
Package hyperref Info: Bookmarks ON on input line 4717.
\c@Hy@tempcnt=\count273
(/Users/dannyklinenberg/Library/TinyTeX/texmf-dist/tex/latex/url/url.sty
\Urlmuskip=\muskip18
Package: url 2013/09/16  ver 3.4  Verb mode for urls, etc.
)
LaTeX Info: Redefining \url on input line 5076.
\XeTeXLinkMargin=\dimen148

(/Users/dannyklinenberg/Library/TinyTeX/texmf-dist/tex/generic/bitset/bitset.st
y
Package: bitset 2019/12/09 v1.3 Handle bit-vector datatype (HO)

(/Users/dannyklinenberg/Library/TinyTeX/texmf-dist/tex/generic/bigintcalc/bigin
tcalc.sty
Package: bigintcalc 2019/12/15 v1.5 Expandable calculations on big integers (HO
)
))
\Fld@menulength=\count274
\Field@Width=\dimen149
\Fld@charsize=\dimen150
Package hyperref Info: Hyper figures OFF on input line 6347.
Package hyperref Info: Link nesting OFF on input line 6352.
Package hyperref Info: Hyper index ON on input line 6355.
Package hyperref Info: backreferencing OFF on input line 6362.
Package hyperref Info: Link coloring OFF on input line 6367.
Package hyperref Info: Link coloring with OCG OFF on input line 6372.
Package hyperref Info: PDF/A mode OFF on input line 6377.
LaTeX Info: Redefining \ref on input line 6417.
LaTeX Info: Redefining \pageref on input line 6421.

(/Users/dannyklinenberg/Library/TinyTeX/texmf-dist/tex/generic/atbegshi/atbegsh
i.sty
Package: atbegshi 2019/12/05 v1.19 At begin shipout hook (HO)
)
\Hy@abspage=\count275
\c@Item=\count276
\c@Hfootnote=\count277
)
Package hyperref Info: Driver (autodetected): hxetex.

(/Users/dannyklinenberg/Library/TinyTeX/texmf-dist/tex/latex/hyperref/hxetex.de
f
File: hxetex.def 2020-05-15 v7.00e Hyperref driver for XeTeX

(/Users/dannyklinenberg/Library/TinyTeX/texmf-dist/tex/generic/stringenc/string
enc.sty
Package: stringenc 2019/11/29 v1.12 Convert strings between diff. encodings (HO
)
)
\pdfm@box=\box48
\c@Hy@AnnotLevel=\count278
\HyField@AnnotCount=\count279
\Fld@listcount=\count280
\c@bookmark@seq@number=\count281

(/Users/dannyklinenberg/Library/TinyTeX/texmf-dist/tex/latex/rerunfilecheck/rer
unfilecheck.sty
Package: rerunfilecheck 2019/12/05 v1.9 Rerun checks for auxiliary files (HO)

(/Users/dannyklinenberg/Library/TinyTeX/texmf-dist/tex/latex/atveryend/atveryen
d.sty
Package: atveryend 2019-12-11 v1.11 Hooks at the very end of document (HO)
Package atveryend Info: \enddocument detected (standard20110627).
)
(/Users/dannyklinenberg/Library/TinyTeX/texmf-dist/tex/generic/uniquecounter/un
iquecounter.sty
Package: uniquecounter 2019/12/15 v1.4 Provide unlimited unique counter (HO)
)
Package uniquecounter Info: New unique counter `rerunfilecheck' on input line 2
86.
)
\Hy@SectionHShift=\skip52
)
Package hyperref Info: Option `colorlinks' set `true' on input line 37.

(/Users/dannyklinenberg/Library/TinyTeX/texmf-dist/tex/latex/geometry/geometry.
sty
Package: geometry 2020/01/02 v5.9 Page Geometry

(/Users/dannyklinenberg/Library/TinyTeX/texmf-dist/tex/generic/iftex/ifvtex.sty
Package: ifvtex 2019/10/25 v1.7 ifvtex legacy package. Use iftex instead.
)
\Gm@cnth=\count282
\Gm@cntv=\count283
\c@Gm@tempcnt=\count284
\Gm@bindingoffset=\dimen151
\Gm@wd@mp=\dimen152
\Gm@odd@mp=\dimen153
\Gm@even@mp=\dimen154
\Gm@layoutwidth=\dimen155
\Gm@layoutheight=\dimen156
\Gm@layouthoffset=\dimen157
\Gm@layoutvoffset=\dimen158
\Gm@dimlist=\toks22
)
(/Users/dannyklinenberg/Library/TinyTeX/texmf-dist/tex/latex/graphics/graphicx.
sty
Package: graphicx 2019/11/30 v1.2a Enhanced LaTeX Graphics (DPC,SPQR)

(/Users/dannyklinenberg/Library/TinyTeX/texmf-dist/tex/latex/graphics/graphics.
sty
Package: graphics 2019/11/30 v1.4a Standard LaTeX Graphics (DPC,SPQR)
(/Users/dannyklinenberg/Library/TinyTeX/texmf-dist/tex/latex/graphics/trig.sty
Package: trig 2016/01/03 v1.10 sin cos tan (DPC)
)
(/Users/dannyklinenberg/Library/TinyTeX/texmf-dist/tex/latex/graphics-cfg/graph
ics.cfg
File: graphics.cfg 2016/06/04 v1.11 sample graphics configuration
)
Package graphics Info: Driver file: xetex.def on input line 105.
)
\Gin@req@height=\dimen159
\Gin@req@width=\dimen160
)
(/Users/dannyklinenberg/Library/TinyTeX/texmf-dist/tex/latex/grffile/grffile.st
y
Package: grffile 2019/11/11 v2.1 Extended file name support for graphics (legac
y)
Package grffile Info: This package is an empty stub for compatibility on input 
line 40.
)
(/Users/dannyklinenberg/Library/TinyTeX/texmf-dist/tex/latex/koma-script/scrext
end.sty
Package: scrextend 2020/04/19 v3.30 KOMA-Script package (extend other classes w
ith features of KOMA-Script classes)

(/Users/dannyklinenberg/Library/TinyTeX/texmf-dist/tex/latex/koma-script/scrkba
se.sty
Package: scrkbase 2020/04/19 v3.30 KOMA-Script package (KOMA-Script-dependent b
asics and keyval usage)

(/Users/dannyklinenberg/Library/TinyTeX/texmf-dist/tex/latex/koma-script/scrbas
e.sty
Package: scrbase 2020/04/19 v3.30 KOMA-Script package (KOMA-Script-independent 
basics and keyval usage)

(/Users/dannyklinenberg/Library/TinyTeX/texmf-dist/tex/latex/koma-script/scrlfi
le.sty
Package: scrlfile 2020/04/19 v3.30 KOMA-Script package (loading files)
)))

LaTeX Warning: Command \@footnotemark  has changed.
               Check if current package is valid.

)
Package scrextend Info: File `scrsize12pt.clo' used to setup font sizes on inpu
t line 58.

(/Users/dannyklinenberg/Library/TinyTeX/texmf-dist/tex/latex/koma-script/scrsiz
e12pt.clo
File: scrsize12pt.clo 2020/04/19 v3.30 KOMA-Script font size class option (12pt
)
)
(/Users/dannyklinenberg/Library/TinyTeX/texmf-dist/tex/latex/setspace/setspace.
sty
Package: setspace 2011/12/19 v6.7a set line spacing
) (/Users/dannyklinenberg/Library/TinyTeX/texmf-dist/tex/latex/natbib/natbib.st
y
Package: natbib 2010/09/13 8.31b (PWD, AO)
\bibhang=\skip53
\bibsep=\skip54
LaTeX Info: Redefining \cite on input line 694.
\c@NAT@ctr=\count285
)
(/Users/dannyklinenberg/Library/TinyTeX/texmf-dist/tex/latex/tools/indentfirst.
sty
Package: indentfirst 1995/11/23 v1.03 Indent first paragraph (DPC)
)
(/Users/dannyklinenberg/Library/TinyTeX/texmf-dist/tex/latex/subfigure/subfigur
e.sty
Package: subfigure 2002/03/15 v2.1.5 subfigure package
\subfigtopskip=\skip55
\subfigcapskip=\skip56
\subfigcaptopadj=\dimen161
\subfigbottomskip=\skip57
\subfigcapmargin=\dimen162
\subfiglabelskip=\skip58
\c@subfigure=\count286
\c@lofdepth=\count287
\c@subtable=\count288
\c@lotdepth=\count289
****************************************
* Local config file subfigure.cfg used *
****************************************

(/Users/dannyklinenberg/Library/TinyTeX/texmf-dist/tex/latex/subfigure/subfigur
e.cfg)
\subfig@top=\skip59
\subfig@bottom=\skip60
) (/Users/dannyklinenberg/Library/TinyTeX/texmf-dist/tex/latex/tools/bm.sty
Package: bm 2019/07/24 v1.2d Bold Symbol Support (DPC/FMi)
\symboldoperators=\mathgroup6
\symboldletters=\mathgroup7
\symboldsymbols=\mathgroup8
LaTeX Font Info:    Redeclaring math alphabet \mathbf on input line 141.
LaTeX Info: Redefining \bm on input line 209.
)
(/Users/dannyklinenberg/Library/TinyTeX/texmf-dist/tex/latex/pdfpages/pdfpages.
sty
Package: pdfpages 2020/01/28 v0.5q Insert pages of external PDF documents (AM)
(/Users/dannyklinenberg/Library/TinyTeX/texmf-dist/tex/latex/base/ifthen.sty
Package: ifthen 2014/09/29 v1.1c Standard LaTeX ifthen package (DPC)
) (/Users/dannyklinenberg/Library/TinyTeX/texmf-dist/tex/latex/tools/calc.sty
Package: calc 2017/05/25 v4.3 Infix arithmetic (KKT,FJ)
\calc@Acount=\count290
\calc@Bcount=\count291
\calc@Adimen=\dimen163
\calc@Bdimen=\dimen164
\calc@Askip=\skip61
\calc@Bskip=\skip62
LaTeX Info: Redefining \setlength on input line 80.
LaTeX Info: Redefining \addtolength on input line 81.
\calc@Ccount=\count292
\calc@Cskip=\skip63
)
(/Users/dannyklinenberg/Library/TinyTeX/texmf-dist/tex/latex/eso-pic/eso-pic.st
y
Package: eso-pic 2018/04/12 v2.0h eso-pic (RN)
)
\AM@pagewidth=\dimen165
\AM@pageheight=\dimen166

(/Users/dannyklinenberg/Library/TinyTeX/texmf-dist/tex/latex/pdfpages/ppxetex.d
ef
File: ppxetex.def 2020/01/28 v0.5q Pdfpages driver for XeTeX (AM)
)
\AM@pagebox=\box49
\AM@global@opts=\toks23
\AM@pagecnt=\count293
\AM@toc@title=\toks24
\c@AM@survey=\count294
\AM@templatesizebox=\box50
)
(/Users/dannyklinenberg/Library/TinyTeX/texmf-dist/tex/latex/booktabs/booktabs.
sty
Package: booktabs 2020/01/12 v1.61803398 Publication quality tables
\heavyrulewidth=\dimen167
\lightrulewidth=\dimen168
\cmidrulewidth=\dimen169
\belowrulesep=\dimen170
\belowbottomsep=\dimen171
\aboverulesep=\dimen172
\abovetopsep=\dimen173
\cmidrulesep=\dimen174
\cmidrulekern=\dimen175
\defaultaddspace=\dimen176
\@cmidla=\count295
\@cmidlb=\count296
\@aboverulesep=\dimen177
\@belowrulesep=\dimen178
\@thisruleclass=\count297
\@lastruleclass=\count298
\@thisrulewidth=\dimen179
)
(/Users/dannyklinenberg/Library/TinyTeX/texmf-dist/tex/latex/tools/longtable.st
y
Package: longtable 2020/01/07 v4.13 Multi-page Table package (DPC)
\LTleft=\skip64
\LTright=\skip65
\LTpre=\skip66
\LTpost=\skip67
\LTchunksize=\count299
\LTcapwidth=\dimen180
\LT@head=\box51
\LT@firsthead=\box52
\LT@foot=\box53
\LT@lastfoot=\box54
\LT@cols=\count300
\LT@rows=\count301
\c@LT@tables=\count302
\c@LT@chunks=\count303
\LT@p@ftn=\toks25
) (/Users/dannyklinenberg/Library/TinyTeX/texmf-dist/tex/latex/tools/array.sty
Package: array 2019/08/31 v2.4l Tabular extension package (FMi)
\col@sep=\dimen181
\ar@mcellbox=\box55
\extrarowheight=\dimen182
\NC@list=\toks26
\extratabsurround=\skip68
\backup@length=\skip69
\ar@cellbox=\box56
)
(/Users/dannyklinenberg/Library/TinyTeX/texmf-dist/tex/latex/multirow/multirow.
sty
Package: multirow 2019/05/31 v2.5 Span multiple rows of a table
\multirow@colwidth=\skip70
\multirow@cntb=\count304
\multirow@dima=\skip71
\bigstrutjot=\dimen183
)
(/Users/dannyklinenberg/Library/TinyTeX/texmf-dist/tex/latex/wrapfig/wrapfig.st
y
\wrapoverhang=\dimen184
\WF@size=\dimen185
\c@WF@wrappedlines=\count305
\WF@box=\box57
\WF@everypar=\toks27
Package: wrapfig 2003/01/31  v 3.6
) (/Users/dannyklinenberg/Library/TinyTeX/texmf-dist/tex/latex/float/float.sty
Package: float 2001/11/08 v1.3d Float enhancements (AL)
\c@float@type=\count306
\float@exts=\toks28
\float@box=\box58
\@float@everytoks=\toks29
\@floatcapt=\box59
)
(/Users/dannyklinenberg/Library/TinyTeX/texmf-dist/tex/latex/colortbl/colortbl.
sty
Package: colortbl 2020/01/04 v1.0e Color table columns (DPC)
\everycr=\toks30
\minrowclearance=\skip72
)
(/Users/dannyklinenberg/Library/TinyTeX/texmf-dist/tex/latex/pdflscape/pdflscap
e.sty
Package: pdflscape 2019/12/05 v0.12 Display of landscape pages in PDF (HO)

(/Users/dannyklinenberg/Library/TinyTeX/texmf-dist/tex/latex/graphics/lscape.st
y
Package: lscape 2000/10/22 v3.01 Landscape Pages (DPC)
)
Package pdflscape Info: Auto-detected driver: dvipdfm (xetex) on input line 98.

) (/Users/dannyklinenberg/Library/TinyTeX/texmf-dist/tex/latex/tabu/tabu.sty
Package: tabu 2019/01/11 v2.9 - flexible LaTeX tabulars (FC+tabu-fixed)

(/Users/dannyklinenberg/Library/TinyTeX/texmf-dist/tex/latex/varwidth/varwidth.
sty
Package: varwidth 2009/03/30 ver 0.92;  Variable-width minipages
\@vwid@box=\box60
\sift@deathcycles=\count307
\@vwid@loff=\dimen186
\@vwid@roff=\dimen187
)
\c@taburow=\count308
\tabu@nbcols=\count309
\tabu@cnt=\count310
\tabu@Xcol=\count311
\tabu@alloc=\count312
\tabu@nested=\count313
\tabu@target=\dimen188
\tabu@spreadtarget=\dimen189
\tabu@naturalX=\dimen190
\tabucolX=\dimen191
\tabu@Xsum=\dimen192
\extrarowdepth=\dimen193
\abovetabulinesep=\dimen194
\belowtabulinesep=\dimen195
\tabustrutrule=\dimen196
\tabu@thebody=\toks31
\tabu@footnotes=\toks32
\tabu@box=\box61
\tabu@arstrutbox=\box62
\tabu@hleads=\box63
\tabu@vleads=\box64
\tabu@cellskip=\skip73
)
(/Users/dannyklinenberg/Library/TinyTeX/texmf-dist/tex/latex/threeparttable/thr
eeparttable.sty
Package: threeparttable 2003/06/13  v 3.0
\@tempboxb=\box65
)
(/Users/dannyklinenberg/Library/TinyTeX/texmf-dist/tex/latex/threeparttablex/th
reeparttablex.sty
Package: threeparttablex 2013/07/23 v0.3 by daleif

(/Users/dannyklinenberg/Library/TinyTeX/texmf-dist/tex/latex/environ/environ.st
y
Package: environ 2014/05/04 v0.3 A new way to define environments

(/Users/dannyklinenberg/Library/TinyTeX/texmf-dist/tex/latex/trimspaces/trimspa
ces.sty
Package: trimspaces 2009/09/17 v1.1 Trim spaces around a token list
))
\TPTL@width=\skip74
) (/Users/dannyklinenberg/Library/TinyTeX/texmf-dist/tex/generic/ulem/ulem.sty
\UL@box=\box66
\UL@hyphenbox=\box67
\UL@skip=\skip75
\UL@hook=\toks33
\UL@height=\dimen197
\UL@pe=\count314
\UL@pixel=\dimen198
\ULC@box=\box68
Package: ulem 2019/11/18
\ULdepth=\dimen199
)
(/Users/dannyklinenberg/Library/TinyTeX/texmf-dist/tex/latex/makecell/makecell.
sty
Package: makecell 2009/08/03 V0.1e Managing of Tab Column Heads and Cells
\rotheadsize=\dimen256
\c@nlinenum=\count315
\TeXr@lab=\toks34
)
(/Users/dannyklinenberg/Library/TinyTeX/texmf-dist/tex/latex/etoolbox/etoolbox.
sty
Package: etoolbox 2019/09/21 v2.5h e-TeX tools for LaTeX (JAW)
\etb@tempcnta=\count316
) (./5_26_update-.aux)
\openout1 = `5_26_update-.aux'.

LaTeX Font Info:    Checking defaults for OML/cmm/m/it on input line 93.
LaTeX Font Info:    ... okay on input line 93.
LaTeX Font Info:    Checking defaults for OMS/cmsy/m/n on input line 93.
LaTeX Font Info:    ... okay on input line 93.
LaTeX Font Info:    Checking defaults for OT1/cmr/m/n on input line 93.
LaTeX Font Info:    ... okay on input line 93.
LaTeX Font Info:    Checking defaults for T1/cmr/m/n on input line 93.
LaTeX Font Info:    ... okay on input line 93.
LaTeX Font Info:    Checking defaults for TS1/cmr/m/n on input line 93.
LaTeX Font Info:    ... okay on input line 93.
LaTeX Font Info:    Checking defaults for TU/lmr/m/n on input line 93.
LaTeX Font Info:    ... okay on input line 93.
LaTeX Font Info:    Checking defaults for OMX/cmex/m/n on input line 93.
LaTeX Font Info:    ... okay on input line 93.
LaTeX Font Info:    Checking defaults for U/cmr/m/n on input line 93.
LaTeX Font Info:    ... okay on input line 93.
LaTeX Font Info:    Checking defaults for PD1/pdf/m/n on input line 93.
LaTeX Font Info:    ... okay on input line 93.
LaTeX Font Info:    Checking defaults for PU/pdf/m/n on input line 93.
LaTeX Font Info:    ... okay on input line 93.
LaTeX Font Info:    Overwriting math alphabet `\mathrm' in version `normal'
(Font)                  OT1/lmr/m/n --> TU/lmr/m/n on input line 93.
LaTeX Font Info:    Overwriting math alphabet `\mathit' in version `normal'
(Font)                  OT1/lmr/m/it --> TU/lmr/m/it on input line 93.
LaTeX Font Info:    Overwriting math alphabet `\mathbf' in version `normal'
(Font)                  OT1/lmr/bx/n --> TU/lmr/bx/n on input line 93.
LaTeX Font Info:    Overwriting math alphabet `\mathsf' in version `normal'
(Font)                  OT1/lmss/m/n --> TU/lmss/m/n on input line 93.
LaTeX Font Info:    Overwriting math alphabet `\mathsf' in version `bold'
(Font)                  OT1/lmss/bx/n --> TU/lmss/bx/n on input line 93.
LaTeX Font Info:    Overwriting math alphabet `\mathtt' in version `normal'
(Font)                  OT1/lmtt/m/n --> TU/lmtt/m/n on input line 93.
LaTeX Font Info:    Overwriting math alphabet `\mathtt' in version `bold'
(Font)                  OT1/lmtt/m/n --> TU/lmtt/bx/n on input line 93.

Package fontspec Info: latinmodern-math scale = 0.9999970497384594.


Package fontspec Info: latinmodern-math scale = 0.9999970497384594.


Package fontspec Info: latinmodern-math scale = 0.9999970497384594.


Package fontspec Info: Font family 'latinmodern-math.otf(0)' created for font
(fontspec)             'latinmodern-math.otf' with options
(fontspec)             [Scale=MatchLowercase,BoldItalicFont={},ItalicFont={},Sm
allCapsFont={},Script=Math,BoldFont={latinmodern-math.otf}].
(fontspec)              
(fontspec)              This font family consists of the following NFSS
(fontspec)             series/shapes:
(fontspec)              
(fontspec)             - 'normal' (m/n) with NFSS spec.:
(fontspec)             <->s*[0.9999970497384594]"[latinmodern-math.otf]/OT:scri
pt=math;language=dflt;"
(fontspec)             - 'small caps'  (m/sc) with NFSS spec.: 
(fontspec)             - 'bold' (b/n) with NFSS spec.:
(fontspec)             <->s*[0.9999970497384594]"[latinmodern-math.otf]/OT:scri
pt=math;language=dflt;"
(fontspec)             - 'bold small caps'  (b/sc) with NFSS spec.: 

LaTeX Font Info:    Font shape `TU/latinmodern-math.otf(0)/m/n' will be
(Font)              scaled to size 12.0pt on input line 93.

Package fontspec Info: latinmodern-math scale = 0.9999970497384594.


Package fontspec Info: latinmodern-math scale = 0.9999970497384594.


Package fontspec Info: latinmodern-math scale = 0.9999970497384594.


Package fontspec Info: latinmodern-math scale = 0.9999970497384594.


Package fontspec Info: latinmodern-math scale = 0.9999970497384594.


Package fontspec Info: Font family 'latinmodern-math.otf(1)' created for font
(fontspec)             'latinmodern-math.otf' with options
(fontspec)             [Scale=MatchLowercase,BoldItalicFont={},ItalicFont={},Sm
allCapsFont={},Script=Math,SizeFeatures={{Size=10.2-},{Size=7.2-10.2,Font=latin
modern-math.otf,Style=MathScript},{Size=-7.2,Font=latinmodern-math.otf,Style=Ma
thScriptScript}},BoldFont={latinmodern-math.otf}].
(fontspec)              
(fontspec)              This font family consists of the following NFSS
(fontspec)             series/shapes:
(fontspec)              
(fontspec)             - 'normal' (m/n) with NFSS spec.:
(fontspec)             <10.2->s*[0.9999970497384594]"[latinmodern-math.otf]/OT:
script=math;language=dflt;"<7.2-10.2>s*[0.9999970497384594]"[latinmodern-math.o
tf]/OT:script=math;language=dflt;+ssty=0;"<-7.2>s*[0.9999970497384594]"[latinmo
dern-math.otf]/OT:script=math;language=dflt;+ssty=1;"
(fontspec)             - 'small caps'  (m/sc) with NFSS spec.: 
(fontspec)             - 'bold' (b/n) with NFSS spec.:
(fontspec)             <->s*[0.9999970497384594]"[latinmodern-math.otf]/OT:scri
pt=math;language=dflt;"
(fontspec)             - 'bold small caps'  (b/sc) with NFSS spec.: 

LaTeX Font Info:    Font shape `TU/latinmodern-math.otf(1)/m/n' will be
(Font)              scaled to size 12.0pt on input line 93.
LaTeX Font Info:    Encoding `OT1' has changed to `TU' for symbol font
(Font)              `operators' in the math version `normal' on input line 93.
LaTeX Font Info:    Overwriting symbol font `operators' in version `normal'
(Font)                  OT1/lmr/m/n --> TU/latinmodern-math.otf(1)/m/n on input
 line 93.
LaTeX Font Info:    Encoding `OT1' has changed to `TU' for symbol font
(Font)              `operators' in the math version `bold' on input line 93.
LaTeX Font Info:    Overwriting symbol font `operators' in version `bold'
(Font)                  OT1/lmr/bx/n --> TU/latinmodern-math.otf(1)/b/n on inpu
t line 93.

Package fontspec Info: latinmodern-math scale = 0.9999970497384594.


Package fontspec Info: latinmodern-math scale = 1.000097049443433.


Package fontspec Info: latinmodern-math scale = 0.9999970497384594.


Package fontspec Info: latinmodern-math scale = 1.000097049443433.


Package fontspec Info: latinmodern-math scale = 0.9999970497384594.


Package fontspec Info: latinmodern-math scale = 1.000097049443433.


Package fontspec Info: latinmodern-math scale = 0.9999970497384594.


Package fontspec Info: latinmodern-math scale = 1.000097049443433.


Package fontspec Info: latinmodern-math scale = 0.9999970497384594.


Package fontspec Info: latinmodern-math scale = 1.000097049443433.


Package fontspec Info: Font family 'latinmodern-math.otf(2)' created for font
(fontspec)             'latinmodern-math.otf' with options
(fontspec)             [Scale=MatchLowercase,BoldItalicFont={},ItalicFont={},Sm
allCapsFont={},Script=Math,SizeFeatures={{Size=10.2-},{Size=7.2-10.2,Font=latin
modern-math.otf,Style=MathScript},{Size=-7.2,Font=latinmodern-math.otf,Style=Ma
thScriptScript}},BoldFont={latinmodern-math.otf},ScaleAgain=1.0001,FontAdjustme
nt={\fontdimen
(fontspec)             8\font =8.124pt\relax \fontdimen 9\font =4.728pt\relax
(fontspec)             \fontdimen 10\font =5.328pt\relax \fontdimen 11\font
(fontspec)             =8.232pt\relax \fontdimen 12\font =4.14pt\relax
(fontspec)             \fontdimen 13\font =4.356pt\relax \fontdimen 14\font
(fontspec)             =4.356pt\relax \fontdimen 15\font =3.468pt\relax
(fontspec)             \fontdimen 16\font =2.964pt\relax \fontdimen 17\font
(fontspec)             =2.964pt\relax \fontdimen 18\font =3.0pt\relax
(fontspec)             \fontdimen 19\font =2.4pt\relax \fontdimen 22\font
(fontspec)             =3.0pt\relax \fontdimen 20\font =0pt\relax \fontdimen
(fontspec)             21\font =0pt\relax }].
(fontspec)              
(fontspec)              This font family consists of the following NFSS
(fontspec)             series/shapes:
(fontspec)              
(fontspec)             - 'normal' (m/n) with NFSS spec.:
(fontspec)             <10.2->s*[1.000097049443433]"[latinmodern-math.otf]/OT:s
cript=math;language=dflt;"<7.2-10.2>s*[1.000097049443433]"[latinmodern-math.otf
]/OT:script=math;language=dflt;+ssty=0;"<-7.2>s*[1.000097049443433]"[latinmoder
n-math.otf]/OT:script=math;language=dflt;+ssty=1;"
(fontspec)             - 'small caps'  (m/sc) with NFSS spec.: 
(fontspec)             and font adjustment code:
(fontspec)             \fontdimen 8\font =8.124pt\relax \fontdimen 9\font
(fontspec)             =4.728pt\relax \fontdimen 10\font =5.328pt\relax
(fontspec)             \fontdimen 11\font =8.232pt\relax \fontdimen 12\font
(fontspec)             =4.14pt\relax \fontdimen 13\font =4.356pt\relax
(fontspec)             \fontdimen 14\font =4.356pt\relax \fontdimen 15\font
(fontspec)             =3.468pt\relax \fontdimen 16\font =2.964pt\relax
(fontspec)             \fontdimen 17\font =2.964pt\relax \fontdimen 18\font
(fontspec)             =3.0pt\relax \fontdimen 19\font =2.4pt\relax \fontdimen
(fontspec)             22\font =3.0pt\relax \fontdimen 20\font =0pt\relax
(fontspec)             \fontdimen 21\font =0pt\relax 
(fontspec)             - 'bold' (b/n) with NFSS spec.:
(fontspec)             <->s*[1.000097049443433]"[latinmodern-math.otf]/OT:scrip
t=math;language=dflt;"
(fontspec)             - 'bold small caps'  (b/sc) with NFSS spec.: 
(fontspec)             and font adjustment code:
(fontspec)             \fontdimen 8\font =8.124pt\relax \fontdimen 9\font
(fontspec)             =4.728pt\relax \fontdimen 10\font =5.328pt\relax
(fontspec)             \fontdimen 11\font =8.232pt\relax \fontdimen 12\font
(fontspec)             =4.14pt\relax \fontdimen 13\font =4.356pt\relax
(fontspec)             \fontdimen 14\font =4.356pt\relax \fontdimen 15\font
(fontspec)             =3.468pt\relax \fontdimen 16\font =2.964pt\relax
(fontspec)             \fontdimen 17\font =2.964pt\relax \fontdimen 18\font
(fontspec)             =3.0pt\relax \fontdimen 19\font =2.4pt\relax \fontdimen
(fontspec)             22\font =3.0pt\relax \fontdimen 20\font =0pt\relax
(fontspec)             \fontdimen 21\font =0pt\relax 

LaTeX Font Info:    Encoding `OMS' has changed to `TU' for symbol font
(Font)              `symbols' in the math version `normal' on input line 93.
LaTeX Font Info:    Overwriting symbol font `symbols' in version `normal'
(Font)                  OMS/lmsy/m/n --> TU/latinmodern-math.otf(2)/m/n on inpu
t line 93.
LaTeX Font Info:    Encoding `OMS' has changed to `TU' for symbol font
(Font)              `symbols' in the math version `bold' on input line 93.
LaTeX Font Info:    Overwriting symbol font `symbols' in version `bold'
(Font)                  OMS/lmsy/b/n --> TU/latinmodern-math.otf(2)/b/n on inpu
t line 93.

Package fontspec Info: latinmodern-math scale = 0.9999970497384594.


Package fontspec Info: latinmodern-math scale = 0.9998970500334856.


Package fontspec Info: latinmodern-math scale = 0.9999970497384594.


Package fontspec Info: latinmodern-math scale = 0.9998970500334856.


Package fontspec Info: latinmodern-math scale = 0.9999970497384594.


Package fontspec Info: latinmodern-math scale = 0.9998970500334856.


Package fontspec Info: latinmodern-math scale = 0.9999970497384594.


Package fontspec Info: latinmodern-math scale = 0.9998970500334856.


Package fontspec Info: latinmodern-math scale = 0.9999970497384594.


Package fontspec Info: latinmodern-math scale = 0.9998970500334856.


Package fontspec Info: Font family 'latinmodern-math.otf(3)' created for font
(fontspec)             'latinmodern-math.otf' with options
(fontspec)             [Scale=MatchLowercase,BoldItalicFont={},ItalicFont={},Sm
allCapsFont={},Script=Math,SizeFeatures={{Size=10.2-},{Size=7.2-10.2,Font=latin
modern-math.otf,Style=MathScript},{Size=-7.2,Font=latinmodern-math.otf,Style=Ma
thScriptScript}},BoldFont={latinmodern-math.otf},ScaleAgain=0.9999,FontAdjustme
nt={\fontdimen
(fontspec)             8\font =0.48pt\relax \fontdimen 9\font =2.4pt\relax
(fontspec)             \fontdimen 10\font =2.004pt\relax \fontdimen 11\font
(fontspec)             =1.332pt\relax \fontdimen 12\font =7.2pt\relax
(fontspec)             \fontdimen 13\font =0pt\relax }].
(fontspec)              
(fontspec)              This font family consists of the following NFSS
(fontspec)             series/shapes:
(fontspec)              
(fontspec)             - 'normal' (m/n) with NFSS spec.:
(fontspec)             <10.2->s*[0.9998970500334856]"[latinmodern-math.otf]/OT:
script=math;language=dflt;"<7.2-10.2>s*[0.9998970500334856]"[latinmodern-math.o
tf]/OT:script=math;language=dflt;+ssty=0;"<-7.2>s*[0.9998970500334856]"[latinmo
dern-math.otf]/OT:script=math;language=dflt;+ssty=1;"
(fontspec)             - 'small caps'  (m/sc) with NFSS spec.: 
(fontspec)             and font adjustment code:
(fontspec)             \fontdimen 8\font =0.48pt\relax \fontdimen 9\font
(fontspec)             =2.4pt\relax \fontdimen 10\font =2.004pt\relax
(fontspec)             \fontdimen 11\font =1.332pt\relax \fontdimen 12\font
(fontspec)             =7.2pt\relax \fontdimen 13\font =0pt\relax 
(fontspec)             - 'bold' (b/n) with NFSS spec.:
(fontspec)             <->s*[0.9998970500334856]"[latinmodern-math.otf]/OT:scri
pt=math;language=dflt;"
(fontspec)             - 'bold small caps'  (b/sc) with NFSS spec.: 
(fontspec)             and font adjustment code:
(fontspec)             \fontdimen 8\font =0.48pt\relax \fontdimen 9\font
(fontspec)             =2.4pt\relax \fontdimen 10\font =2.004pt\relax
(fontspec)             \fontdimen 11\font =1.332pt\relax \fontdimen 12\font
(fontspec)             =7.2pt\relax \fontdimen 13\font =0pt\relax 

LaTeX Font Info:    Encoding `OMX' has changed to `TU' for symbol font
(Font)              `largesymbols' in the math version `normal' on input line 9
3.
LaTeX Font Info:    Overwriting symbol font `largesymbols' in version `normal'
(Font)                  OMX/lmex/m/n --> TU/latinmodern-math.otf(3)/m/n on inpu
t line 93.
LaTeX Font Info:    Encoding `OMX' has changed to `TU' for symbol font
(Font)              `largesymbols' in the math version `bold' on input line 93.

LaTeX Font Info:    Overwriting symbol font `largesymbols' in version `bold'
(Font)                  OMX/lmex/m/n --> TU/latinmodern-math.otf(3)/b/n on inpu
t line 93.
\AtBeginShipoutBox=\box69
Package hyperref Info: Link coloring ON on input line 93.

(/Users/dannyklinenberg/Library/TinyTeX/texmf-dist/tex/latex/hyperref/nameref.s
ty
Package: nameref 2019/09/16 v2.46 Cross-referencing by name of section

(/Users/dannyklinenberg/Library/TinyTeX/texmf-dist/tex/latex/refcount/refcount.
sty
Package: refcount 2019/12/15 v3.6 Data extraction from label references (HO)
)
(/Users/dannyklinenberg/Library/TinyTeX/texmf-dist/tex/generic/gettitlestring/g
ettitlestring.sty
Package: gettitlestring 2019/12/15 v1.6 Cleanup title references (HO)
)
\c@section@level=\count317
)
LaTeX Info: Redefining \ref on input line 93.
LaTeX Info: Redefining \pageref on input line 93.
LaTeX Info: Redefining \nameref on input line 93.
(./5_26_update-.out) (./5_26_update-.out)
\@outlinefile=\write3
\openout3 = `5_26_update-.out'.

*geometry* driver: auto-detecting
*geometry* detected driver: xetex
*geometry* verbose mode - [ preamble ] result:
* driver: xetex
* paper: <default>
* layout: <same size as paper>
* layoutoffset:(h,v)=(0.0pt,0.0pt)
* modes: 
* h-part:(L,W,R)=(72.26999pt, 469.75502pt, 72.26999pt)
* v-part:(T,H,B)=(72.26999pt, 650.43001pt, 72.26999pt)
* \paperwidth=614.295pt
* \paperheight=794.96999pt
* \textwidth=469.75502pt
* \textheight=650.43001pt
* \oddsidemargin=0.0pt
* \evensidemargin=0.0pt
* \topmargin=-37.0pt
* \headheight=12.0pt
* \headsep=25.0pt
* \topskip=10.0pt
* \footskip=30.0pt
* \marginparwidth=65.0pt
* \marginparsep=11.0pt
* \columnsep=10.0pt
* \skip\footins=10.8pt plus 4.0pt minus 2.0pt
* \hoffset=0.0pt
* \voffset=0.0pt
* \mag=1000
* \@twocolumnfalse
* \@twosidefalse
* \@mparswitchfalse
* \@reversemarginfalse
* (1in=72.27pt=25.4mm, 1cm=28.453pt)

LaTeX Font Info:    Font shape `TU/latinmodern-math.otf(1)/m/n' will be
(Font)              scaled to size 14.4pt on input line 95.
LaTeX Font Info:    Font shape `TU/latinmodern-math.otf(1)/m/n' will be
(Font)              scaled to size 10.0pt on input line 95.
LaTeX Font Info:    Font shape `TU/latinmodern-math.otf(1)/m/n' will be
(Font)              scaled to size 7.0pt on input line 95.
LaTeX Font Info:    Trying to load font information for OML+lmm on input line 9
5.
(/Users/dannyklinenberg/Library/TinyTeX/texmf-dist/tex/latex/lm/omllmm.fd
File: omllmm.fd 2009/10/30 v1.6 Font defs for Latin Modern
)
LaTeX Font Info:    Font shape `TU/latinmodern-math.otf(2)/m/n' will be
(Font)              scaled to size 14.4013pt on input line 95.
LaTeX Font Info:    Font shape `TU/latinmodern-math.otf(2)/m/n' will be
(Font)              scaled to size 10.00092pt on input line 95.
LaTeX Font Info:    Font shape `TU/latinmodern-math.otf(2)/m/n' will be
(Font)              scaled to size 7.00064pt on input line 95.
LaTeX Font Info:    Font shape `TU/latinmodern-math.otf(3)/m/n' will be
(Font)              scaled to size 14.39845pt on input line 95.
LaTeX Font Info:    Font shape `TU/latinmodern-math.otf(3)/m/n' will be
(Font)              scaled to size 9.99893pt on input line 95.
LaTeX Font Info:    Font shape `TU/latinmodern-math.otf(3)/m/n' will be
(Font)              scaled to size 6.99925pt on input line 95.
LaTeX Font Info:    Trying to load font information for U+msa on input line 95.

(/Users/dannyklinenberg/Library/TinyTeX/texmf-dist/tex/latex/amsfonts/umsa.fd
File: umsa.fd 2013/01/14 v3.01 AMS symbols A
)
LaTeX Font Info:    Trying to load font information for U+msb on input line 95.

(/Users/dannyklinenberg/Library/TinyTeX/texmf-dist/tex/latex/amsfonts/umsb.fd
File: umsb.fd 2013/01/14 v3.01 AMS symbols B
)
LaTeX Font Info:    Trying to load font information for OT1+lmr on input line 9
5.
(/Users/dannyklinenberg/Library/TinyTeX/texmf-dist/tex/latex/lm/ot1lmr.fd
File: ot1lmr.fd 2009/10/30 v1.6 Font defs for Latin Modern
)
LaTeX Font Info:    Trying to load font information for OMS+lmsy on input line 
95.
(/Users/dannyklinenberg/Library/TinyTeX/texmf-dist/tex/latex/lm/omslmsy.fd
File: omslmsy.fd 2009/10/30 v1.6 Font defs for Latin Modern
)
LaTeX Font Info:    Font shape `TU/latinmodern-math.otf(1)/m/n' will be
(Font)              scaled to size 5.0pt on input line 95.
LaTeX Font Info:    Font shape `TU/latinmodern-math.otf(2)/m/n' will be
(Font)              scaled to size 5.00046pt on input line 95.
LaTeX Font Info:    Font shape `TU/latinmodern-math.otf(3)/m/n' will be
(Font)              scaled to size 4.99947pt on input line 95.
[1

]
LaTeX Font Info:    Font shape `TU/latinmodern-math.otf(1)/m/n' will be
(Font)              scaled to size 8.4pt on input line 160.
LaTeX Font Info:    Font shape `TU/latinmodern-math.otf(1)/m/n' will be
(Font)              scaled to size 6.0pt on input line 160.
LaTeX Font Info:    Font shape `TU/latinmodern-math.otf(2)/m/n' will be
(Font)              scaled to size 12.0011pt on input line 160.
LaTeX Font Info:    Font shape `TU/latinmodern-math.otf(2)/m/n' will be
(Font)              scaled to size 8.40076pt on input line 160.
LaTeX Font Info:    Font shape `TU/latinmodern-math.otf(2)/m/n' will be
(Font)              scaled to size 6.00055pt on input line 160.
LaTeX Font Info:    Font shape `TU/latinmodern-math.otf(3)/m/n' will be
(Font)              scaled to size 11.99872pt on input line 160.
LaTeX Font Info:    Font shape `TU/latinmodern-math.otf(3)/m/n' will be
(Font)              scaled to size 8.3991pt on input line 160.
LaTeX Font Info:    Font shape `TU/latinmodern-math.otf(3)/m/n' will be
(Font)              scaled to size 5.99936pt on input line 160.
[2] [3] [4] [5] [6] [7] [8] [9] [10]
Overfull \hbox (62.8322pt too wide) detected at line 540
[]
 []

[11] [12] [13] [14] [15] [16] [17] [18] [19] [20] [21]
Overfull \hbox (26.8713pt too wide) detected at line 1119
[][]
 []

[22]
Overfull \hbox (42.06454pt too wide) detected at line 1140
[][]
 []

[23] [24]
Underfull \hbox (badness 1303) in paragraph at lines 1189--1193
\TU/lmr/m/n/12 conditionally inverse gamma with \TU/lmr/m/it/12 shape \TU/lmr/m
/n/12 parameter $[] [] [][]$ and \TU/lmr/m/it/12 scale \TU/lmr/m/n/12 parameter

 []

[25]
File: /Users/dannyklinenberg/OneDrive/Documents/School Stuff/UCSB/Year 2/Winter
/Time Series/SC Proposal/Simulations/Varying Weights/Initial Simulations/model/
simulations/SimulaitonResBL/stab_0lift_sim_dat.png Graphic file (type bmp)
</Users/dannyklinenberg/OneDrive/Documents/School Stuff/UCSB/Year 2/Winter/Time
 Series/SC Proposal/Simulations/Varying Weights/Initial Simulations/model/simul
ations/SimulaitonResBL/stab_0lift_sim_dat.png>
File: /Users/dannyklinenberg/OneDrive/Documents/School Stuff/UCSB/Year 2/Winter
/Time Series/SC Proposal/Simulations/Varying Weights/Initial Simulations/model/
simulations/SimulaitonResBL/stab_5lift_sim_dat.png Graphic file (type bmp)
</Users/dannyklinenberg/OneDrive/Documents/School Stuff/UCSB/Year 2/Winter/Time
 Series/SC Proposal/Simulations/Varying Weights/Initial Simulations/model/simul
ations/SimulaitonResBL/stab_5lift_sim_dat.png>
File: /Users/dannyklinenberg/OneDrive/Documents/School Stuff/UCSB/Year 2/Winter
/Time Series/SC Proposal/Simulations/Varying Weights/Initial Simulations/model/
simulations/SimulaitonResBL/tvp_0lift_sim_dat.png Graphic file (type bmp)
</Users/dannyklinenberg/OneDrive/Documents/School Stuff/UCSB/Year 2/Winter/Time
 Series/SC Proposal/Simulations/Varying Weights/Initial Simulations/model/simul
ations/SimulaitonResBL/tvp_0lift_sim_dat.png>
File: /Users/dannyklinenberg/OneDrive/Documents/School Stuff/UCSB/Year 2/Winter
/Time Series/SC Proposal/Simulations/Varying Weights/Initial Simulations/model/
simulations/SimulaitonResBL/tvp_5lift_sim_dat.png Graphic file (type bmp)
</Users/dannyklinenberg/OneDrive/Documents/School Stuff/UCSB/Year 2/Winter/Time
 Series/SC Proposal/Simulations/Varying Weights/Initial Simulations/model/simul
ations/SimulaitonResBL/tvp_5lift_sim_dat.png>
[26] [27] [28]
File: /Users/dannyklinenberg/OneDrive/Documents/School Stuff/UCSB/Year 2/Winter
/Time Series/SC Proposal/Simulations/Varying Weights/Initial Simulations/model/
simulations/SimulaitonResBL/stab_0lift_plot.pdf Graphic file (type pdf)
<use /Users/dannyklinenberg/OneDrive/Documents/School Stuff/UCSB/Year 2/Winter/
Time Series/SC Proposal/Simulations/Varying Weights/Initial Simulations/model/s
imulations/SimulaitonResBL/stab_0lift_plot.pdf>
File: /Users/dannyklinenberg/OneDrive/Documents/School Stuff/UCSB/Year 2/Winter
/Time Series/SC Proposal/Simulations/Varying Weights/Initial Simulations/model/
simulations/SimulaitonResBL/stab_0lift_plot.pdf Graphic file (type pdf)
<use /Users/dannyklinenberg/OneDrive/Documents/School Stuff/UCSB/Year 2/Winter/
Time Series/SC Proposal/Simulations/Varying Weights/Initial Simulations/model/s
imulations/SimulaitonResBL/stab_0lift_plot.pdf>
File: /Users/dannyklinenberg/OneDrive/Documents/School Stuff/UCSB/Year 2/Winter
/Time Series/SC Proposal/Simulations/Varying Weights/Initial Simulations/model/
simulations/SimulaitonResBL/stab_0lift_plot.pdf Graphic file (type pdf)
<use /Users/dannyklinenberg/OneDrive/Documents/School Stuff/UCSB/Year 2/Winter/
Time Series/SC Proposal/Simulations/Varying Weights/Initial Simulations/model/s
imulations/SimulaitonResBL/stab_0lift_plot.pdf, page 1>
File: /Users/dannyklinenberg/OneDrive/Documents/School Stuff/UCSB/Year 2/Winter
/Time Series/SC Proposal/Simulations/Varying Weights/Initial Simulations/model/
simulations/SimulaitonResBL/stab_0lift_plot.pdf Graphic file (type pdf)
<use /Users/dannyklinenberg/OneDrive/Documents/School Stuff/UCSB/Year 2/Winter/
Time Series/SC Proposal/Simulations/Varying Weights/Initial Simulations/model/s
imulations/SimulaitonResBL/stab_0lift_plot.pdf, page 1>
File: /Users/dannyklinenberg/OneDrive/Documents/School Stuff/UCSB/Year 2/Winter
/Time Series/SC Proposal/Simulations/Varying Weights/Initial Simulations/model/
simulations/SimulaitonResBL/stab_0lift_plot.pdf Graphic file (type pdf)
<use /Users/dannyklinenberg/OneDrive/Documents/School Stuff/UCSB/Year 2/Winter/
Time Series/SC Proposal/Simulations/Varying Weights/Initial Simulations/model/s
imulations/SimulaitonResBL/stab_0lift_plot.pdf, page 1>
File: /Users/dannyklinenberg/OneDrive/Documents/School Stuff/UCSB/Year 2/Winter
/Time Series/SC Proposal/Simulations/Varying Weights/Initial Simulations/model/
simulations/SimulaitonResBL/stab_0lift_plot.pdf Graphic file (type pdf)
<use /Users/dannyklinenberg/OneDrive/Documents/School Stuff/UCSB/Year 2/Winter/
Time Series/SC Proposal/Simulations/Varying Weights/Initial Simulations/model/s
imulations/SimulaitonResBL/stab_0lift_plot.pdf, page 1>
File: /Users/dannyklinenberg/OneDrive/Documents/School Stuff/UCSB/Year 2/Winter
/Time Series/SC Proposal/Simulations/Varying Weights/Initial Simulations/model/
simulations/SimulaitonResBL/stab_0lift_plot.pdf Graphic file (type pdf)
<use /Users/dannyklinenberg/OneDrive/Documents/School Stuff/UCSB/Year 2/Winter/
Time Series/SC Proposal/Simulations/Varying Weights/Initial Simulations/model/s
imulations/SimulaitonResBL/stab_0lift_plot.pdf, page 1>
[29]
File: /Users/dannyklinenberg/OneDrive/Documents/School Stuff/UCSB/Year 2/Winter
/Time Series/SC Proposal/Simulations/Varying Weights/Initial Simulations/model/
simulations/SimulaitonResBL/stab_5lift_plot.pdf Graphic file (type pdf)
<use /Users/dannyklinenberg/OneDrive/Documents/School Stuff/UCSB/Year 2/Winter/
Time Series/SC Proposal/Simulations/Varying Weights/Initial Simulations/model/s
imulations/SimulaitonResBL/stab_5lift_plot.pdf>
File: /Users/dannyklinenberg/OneDrive/Documents/School Stuff/UCSB/Year 2/Winter
/Time Series/SC Proposal/Simulations/Varying Weights/Initial Simulations/model/
simulations/SimulaitonResBL/stab_5lift_plot.pdf Graphic file (type pdf)
<use /Users/dannyklinenberg/OneDrive/Documents/School Stuff/UCSB/Year 2/Winter/
Time Series/SC Proposal/Simulations/Varying Weights/Initial Simulations/model/s
imulations/SimulaitonResBL/stab_5lift_plot.pdf>
File: /Users/dannyklinenberg/OneDrive/Documents/School Stuff/UCSB/Year 2/Winter
/Time Series/SC Proposal/Simulations/Varying Weights/Initial Simulations/model/
simulations/SimulaitonResBL/stab_5lift_plot.pdf Graphic file (type pdf)
<use /Users/dannyklinenberg/OneDrive/Documents/School Stuff/UCSB/Year 2/Winter/
Time Series/SC Proposal/Simulations/Varying Weights/Initial Simulations/model/s
imulations/SimulaitonResBL/stab_5lift_plot.pdf, page 1>
File: /Users/dannyklinenberg/OneDrive/Documents/School Stuff/UCSB/Year 2/Winter
/Time Series/SC Proposal/Simulations/Varying Weights/Initial Simulations/model/
simulations/SimulaitonResBL/stab_5lift_plot.pdf Graphic file (type pdf)
<use /Users/dannyklinenberg/OneDrive/Documents/School Stuff/UCSB/Year 2/Winter/
Time Series/SC Proposal/Simulations/Varying Weights/Initial Simulations/model/s
imulations/SimulaitonResBL/stab_5lift_plot.pdf, page 1>
File: /Users/dannyklinenberg/OneDrive/Documents/School Stuff/UCSB/Year 2/Winter
/Time Series/SC Proposal/Simulations/Varying Weights/Initial Simulations/model/
simulations/SimulaitonResBL/stab_5lift_plot.pdf Graphic file (type pdf)
<use /Users/dannyklinenberg/OneDrive/Documents/School Stuff/UCSB/Year 2/Winter/
Time Series/SC Proposal/Simulations/Varying Weights/Initial Simulations/model/s
imulations/SimulaitonResBL/stab_5lift_plot.pdf, page 1>
File: /Users/dannyklinenberg/OneDrive/Documents/School Stuff/UCSB/Year 2/Winter
/Time Series/SC Proposal/Simulations/Varying Weights/Initial Simulations/model/
simulations/SimulaitonResBL/stab_5lift_plot.pdf Graphic file (type pdf)
<use /Users/dannyklinenberg/OneDrive/Documents/School Stuff/UCSB/Year 2/Winter/
Time Series/SC Proposal/Simulations/Varying Weights/Initial Simulations/model/s
imulations/SimulaitonResBL/stab_5lift_plot.pdf, page 1>
File: /Users/dannyklinenberg/OneDrive/Documents/School Stuff/UCSB/Year 2/Winter
/Time Series/SC Proposal/Simulations/Varying Weights/Initial Simulations/model/
simulations/SimulaitonResBL/stab_5lift_plot.pdf Graphic file (type pdf)
<use /Users/dannyklinenberg/OneDrive/Documents/School Stuff/UCSB/Year 2/Winter/
Time Series/SC Proposal/Simulations/Varying Weights/Initial Simulations/model/s
imulations/SimulaitonResBL/stab_5lift_plot.pdf, page 1>
[30]
File: /Users/dannyklinenberg/OneDrive/Documents/School Stuff/UCSB/Year 2/Winter
/Time Series/SC Proposal/Simulations/Varying Weights/Initial Simulations/model/
simulations/SimulaitonResBL/tvp_0lift_plot.pdf Graphic file (type pdf)
<use /Users/dannyklinenberg/OneDrive/Documents/School Stuff/UCSB/Year 2/Winter/
Time Series/SC Proposal/Simulations/Varying Weights/Initial Simulations/model/s
imulations/SimulaitonResBL/tvp_0lift_plot.pdf>
File: /Users/dannyklinenberg/OneDrive/Documents/School Stuff/UCSB/Year 2/Winter
/Time Series/SC Proposal/Simulations/Varying Weights/Initial Simulations/model/
simulations/SimulaitonResBL/tvp_0lift_plot.pdf Graphic file (type pdf)
<use /Users/dannyklinenberg/OneDrive/Documents/School Stuff/UCSB/Year 2/Winter/
Time Series/SC Proposal/Simulations/Varying Weights/Initial Simulations/model/s
imulations/SimulaitonResBL/tvp_0lift_plot.pdf>
File: /Users/dannyklinenberg/OneDrive/Documents/School Stuff/UCSB/Year 2/Winter
/Time Series/SC Proposal/Simulations/Varying Weights/Initial Simulations/model/
simulations/SimulaitonResBL/tvp_0lift_plot.pdf Graphic file (type pdf)
<use /Users/dannyklinenberg/OneDrive/Documents/School Stuff/UCSB/Year 2/Winter/
Time Series/SC Proposal/Simulations/Varying Weights/Initial Simulations/model/s
imulations/SimulaitonResBL/tvp_0lift_plot.pdf, page 1>
File: /Users/dannyklinenberg/OneDrive/Documents/School Stuff/UCSB/Year 2/Winter
/Time Series/SC Proposal/Simulations/Varying Weights/Initial Simulations/model/
simulations/SimulaitonResBL/tvp_0lift_plot.pdf Graphic file (type pdf)
<use /Users/dannyklinenberg/OneDrive/Documents/School Stuff/UCSB/Year 2/Winter/
Time Series/SC Proposal/Simulations/Varying Weights/Initial Simulations/model/s
imulations/SimulaitonResBL/tvp_0lift_plot.pdf, page 1>
File: /Users/dannyklinenberg/OneDrive/Documents/School Stuff/UCSB/Year 2/Winter
/Time Series/SC Proposal/Simulations/Varying Weights/Initial Simulations/model/
simulations/SimulaitonResBL/tvp_0lift_plot.pdf Graphic file (type pdf)
<use /Users/dannyklinenberg/OneDrive/Documents/School Stuff/UCSB/Year 2/Winter/
Time Series/SC Proposal/Simulations/Varying Weights/Initial Simulations/model/s
imulations/SimulaitonResBL/tvp_0lift_plot.pdf, page 1>
File: /Users/dannyklinenberg/OneDrive/Documents/School Stuff/UCSB/Year 2/Winter
/Time Series/SC Proposal/Simulations/Varying Weights/Initial Simulations/model/
simulations/SimulaitonResBL/tvp_0lift_plot.pdf Graphic file (type pdf)
<use /Users/dannyklinenberg/OneDrive/Documents/School Stuff/UCSB/Year 2/Winter/
Time Series/SC Proposal/Simulations/Varying Weights/Initial Simulations/model/s
imulations/SimulaitonResBL/tvp_0lift_plot.pdf, page 1>
File: /Users/dannyklinenberg/OneDrive/Documents/School Stuff/UCSB/Year 2/Winter
/Time Series/SC Proposal/Simulations/Varying Weights/Initial Simulations/model/
simulations/SimulaitonResBL/tvp_0lift_plot.pdf Graphic file (type pdf)
<use /Users/dannyklinenberg/OneDrive/Documents/School Stuff/UCSB/Year 2/Winter/
Time Series/SC Proposal/Simulations/Varying Weights/Initial Simulations/model/s
imulations/SimulaitonResBL/tvp_0lift_plot.pdf, page 1>
[31]
File: /Users/dannyklinenberg/OneDrive/Documents/School Stuff/UCSB/Year 2/Winter
/Time Series/SC Proposal/Simulations/Varying Weights/Initial Simulations/model/
simulations/SimulaitonResBL/tvp_5lift_plot.pdf Graphic file (type pdf)
<use /Users/dannyklinenberg/OneDrive/Documents/School Stuff/UCSB/Year 2/Winter/
Time Series/SC Proposal/Simulations/Varying Weights/Initial Simulations/model/s
imulations/SimulaitonResBL/tvp_5lift_plot.pdf>
File: /Users/dannyklinenberg/OneDrive/Documents/School Stuff/UCSB/Year 2/Winter
/Time Series/SC Proposal/Simulations/Varying Weights/Initial Simulations/model/
simulations/SimulaitonResBL/tvp_5lift_plot.pdf Graphic file (type pdf)
<use /Users/dannyklinenberg/OneDrive/Documents/School Stuff/UCSB/Year 2/Winter/
Time Series/SC Proposal/Simulations/Varying Weights/Initial Simulations/model/s
imulations/SimulaitonResBL/tvp_5lift_plot.pdf>
File: /Users/dannyklinenberg/OneDrive/Documents/School Stuff/UCSB/Year 2/Winter
/Time Series/SC Proposal/Simulations/Varying Weights/Initial Simulations/model/
simulations/SimulaitonResBL/tvp_5lift_plot.pdf Graphic file (type pdf)
<use /Users/dannyklinenberg/OneDrive/Documents/School Stuff/UCSB/Year 2/Winter/
Time Series/SC Proposal/Simulations/Varying Weights/Initial Simulations/model/s
imulations/SimulaitonResBL/tvp_5lift_plot.pdf, page 1>
File: /Users/dannyklinenberg/OneDrive/Documents/School Stuff/UCSB/Year 2/Winter
/Time Series/SC Proposal/Simulations/Varying Weights/Initial Simulations/model/
simulations/SimulaitonResBL/tvp_5lift_plot.pdf Graphic file (type pdf)
<use /Users/dannyklinenberg/OneDrive/Documents/School Stuff/UCSB/Year 2/Winter/
Time Series/SC Proposal/Simulations/Varying Weights/Initial Simulations/model/s
imulations/SimulaitonResBL/tvp_5lift_plot.pdf, page 1>
File: /Users/dannyklinenberg/OneDrive/Documents/School Stuff/UCSB/Year 2/Winter
/Time Series/SC Proposal/Simulations/Varying Weights/Initial Simulations/model/
simulations/SimulaitonResBL/tvp_5lift_plot.pdf Graphic file (type pdf)
<use /Users/dannyklinenberg/OneDrive/Documents/School Stuff/UCSB/Year 2/Winter/
Time Series/SC Proposal/Simulations/Varying Weights/Initial Simulations/model/s
imulations/SimulaitonResBL/tvp_5lift_plot.pdf, page 1>
File: /Users/dannyklinenberg/OneDrive/Documents/School Stuff/UCSB/Year 2/Winter
/Time Series/SC Proposal/Simulations/Varying Weights/Initial Simulations/model/
simulations/SimulaitonResBL/tvp_5lift_plot.pdf Graphic file (type pdf)
<use /Users/dannyklinenberg/OneDrive/Documents/School Stuff/UCSB/Year 2/Winter/
Time Series/SC Proposal/Simulations/Varying Weights/Initial Simulations/model/s
imulations/SimulaitonResBL/tvp_5lift_plot.pdf, page 1>
File: /Users/dannyklinenberg/OneDrive/Documents/School Stuff/UCSB/Year 2/Winter
/Time Series/SC Proposal/Simulations/Varying Weights/Initial Simulations/model/
simulations/SimulaitonResBL/tvp_5lift_plot.pdf Graphic file (type pdf)
<use /Users/dannyklinenberg/OneDrive/Documents/School Stuff/UCSB/Year 2/Winter/
Time Series/SC Proposal/Simulations/Varying Weights/Initial Simulations/model/s
imulations/SimulaitonResBL/tvp_5lift_plot.pdf, page 1>
[32] [33] [34]
Package atveryend Info: Empty hook `BeforeClearDocument' on input line 1448.
[35]
Package atveryend Info: Empty hook `AfterLastShipout' on input line 1448.
(./5_26_update-.aux)
Package atveryend Info: Empty hook `AtVeryEndDocument' on input line 1448.
Package atveryend Info: Executing hook `AtEndAfterFileList' on input line 1448.

Package rerunfilecheck Info: File `5_26_update-.out' has not changed.
(rerunfilecheck)             Checksum: 24DFB0BCFB71CDC8CE5ACA1B047B849C;8422.
Package atveryend Info: Empty hook `AtVeryVeryEnd' on input line 1448.
 ) 
Here is how much of TeX's memory you used:
 20734 strings out of 481244
 371518 string characters out of 5922077
 839713 words of memory out of 5000000
 37890 multiletter control sequences out of 15000+600000
 565076 words of font info for 108 fonts, out of 8000000 for 9000
 14 hyphenation exceptions out of 8191
 53i,19n,118p,906b,477s stack positions out of 5000i,500n,10000p,200000b,80000s

Output written on 5_26_update-.pdf (35 pages).
