\BOOKMARK [1][-]{section.1}{\376\377\000I\000n\000t\000r\000o\000d\000u\000c\000t\000i\000o\000n}{}% 1
\BOOKMARK [1][-]{section.2}{\376\377\000S\000e\000t\000u\000p}{}% 2
\BOOKMARK [1][-]{section.3}{\376\377\000M\000o\000d\000e\000l\000\040\000S\000p\000e\000c\000i\000f\000i\000c\000a\000t\000i\000o\000n}{}% 3
\BOOKMARK [2][-]{subsection.3.1}{\376\377\000L\000i\000n\000e\000a\000r\000\040\000G\000a\000u\000s\000s\000i\000a\000n\000\040\000S\000t\000a\000t\000e\000\040\000S\000p\000a\000c\000e\000\040\000M\000o\000d\000e\000l\000s}{section.3}% 4
\BOOKMARK [2][-]{subsection.3.2}{\376\377\000B\000a\000y\000e\000s\000i\000a\000n\000\040\000S\000h\000r\000i\000n\000k\000a\000g\000e\000\040\000P\000r\000i\000o\000r\000s}{section.3}% 5
\BOOKMARK [1][-]{section.4}{\376\377\000T\000h\000e\000\040\000P\000o\000s\000t\000e\000r\000i\000o\000r\000\040\000E\000s\000t\000i\000m\000a\000t\000i\000o\000n\000\040\000\050\000M\000C\000M\000C\000\051}{}% 6
\BOOKMARK [2][-]{subsection.4.1}{\376\377\000E\000s\000t\000i\000m\000a\000t\000i\000o\000n\000\040\000o\000f\000\040\000\134\000t\000i\000l\000d\000e\000\173\000\134\000b\000e\000t\000a\000\175\000|\000\040\000\134\000b\000e\000t\000a\000,\000\134\000t\000a\000u\000\136\0002\000,\000\040\000\134\000l\000a\000m\000b\000d\000a\000,\000\040\000\134\000s\000q\000r\000t\000\173\000\134\000t\000h\000e\000t\000a\000\175\000,\000\134\000x\000i\000\136\0002\000,\000\134\000k\000a\000p\000p\000a\000\136\0002\000,\000\040\000\134\000z\000e\000t\000a\000\137\000\173\000\134\000b\000e\000t\000a\000\175\000,\000\040\000\134\000z\000e\000t\000a\000\137\000\173\000\134\000s\000q\000r\000t\000\173\000\134\000t\000h\000e\000t\000a\000\175\000\175\000,\000\134\000s\000i\000g\000m\000a\000\136\0002\000,\000\040\000Y\000\137\0000}{section.4}% 7
\BOOKMARK [2][-]{subsection.4.2}{\376\377\000E\000s\000t\000i\000m\000a\000t\000i\000o\000n\000\040\000o\000f\000\040\000t\000h\000e\000\040\000p\000a\000r\000a\000m\000e\000t\000e\000r\000s\000:\000\040\000P\000\050\000\134\000b\000e\000t\000a\000,\000\134\000t\000a\000u\000\136\0002\000,\000\040\000\134\000l\000a\000m\000b\000d\000a\000,\000\040\000\134\000s\000q\000r\000t\000\173\000\134\000t\000h\000e\000t\000a\000\175\000,\000\134\000x\000i\000\136\0002\000,\000\134\000k\000a\000p\000p\000a\000\136\0002\000,\000\040\000\134\000z\000e\000t\000a\000\137\000\173\000\134\000b\000e\000t\000a\000\175\000,\000\040\000\134\000z\000e\000t\000a\000\137\000\173\000\134\000s\000q\000r\000t\000\173\000\134\000t\000h\000e\000t\000a\000\175\000\175\000,\000\134\000s\000i\000g\000m\000a\000\136\0002\000|\000\040\000Y\000\137\0000\000\051}{section.4}% 8
\BOOKMARK [3][-]{subsubsection.4.2.1}{\376\377\000S\000a\000m\000p\000l\000e\000\040\000\134\000b\000e\000t\000a\000\040\000a\000n\000d\000\040\000\134\000s\000q\000r\000t\000\173\000\134\000t\000h\000e\000t\000a\000\175}{subsection.4.2}% 9
\BOOKMARK [3][-]{subsubsection.4.2.2}{\376\377\000S\000a\000m\000p\000l\000e\000\040\000\134\000t\000a\000u\000\136\0002}{subsection.4.2}% 10
\BOOKMARK [3][-]{subsubsection.4.2.3}{\376\377\000S\000a\000m\000p\000l\000e\000\040\000\134\000l\000a\000m\000b\000d\000a\000\136\0002}{subsection.4.2}% 11
\BOOKMARK [3][-]{subsubsection.4.2.4}{\376\377\000S\000a\000m\000p\000l\000e\000\040\000\134\000z\000e\000t\000a\000\137\000\173\000\134\000b\000e\000t\000a\000\175}{subsection.4.2}% 12
\BOOKMARK [3][-]{subsubsection.4.2.5}{\376\377\000S\000a\000m\000p\000l\000e\000\040\000\134\000x\000i\000\136\0002}{subsection.4.2}% 13
\BOOKMARK [3][-]{subsubsection.4.2.6}{\376\377\000S\000a\000m\000p\000l\000e\000\040\000\134\000k\000a\000p\000p\000a\000\136\0002}{subsection.4.2}% 14
\BOOKMARK [3][-]{subsubsection.4.2.7}{\376\377\000S\000a\000m\000p\000l\000e\000\040\000\134\000z\000e\000t\000a\000\137\000\173\000\134\000s\000q\000r\000t\000\173\000\134\000t\000h\000e\000t\000a\000\175\000\175}{subsection.4.2}% 15
\BOOKMARK [3][-]{subsubsection.4.2.8}{\376\377\000S\000a\000m\000p\000l\000e\000\040\000\134\000s\000i\000g\000m\000a\000\136\0002}{subsection.4.2}% 16
\BOOKMARK [2][-]{subsection.4.3}{\376\377\000S\000a\000m\000p\000l\000e\000\040\000o\000f\000\040\000\134\000h\000a\000t\000\173\000y\000\175\000\137\000\173\0000\000,\000t\000\175\000\050\0000\000\051\000\040\000f\000o\000r\000\040\000t\000\040\000\134\000g\000e\000\040\000T\000\137\0000\000.}{section.4}% 17
\BOOKMARK [1][-]{section.5}{\376\377\000M\000o\000n\000t\000e\000\040\000C\000a\000r\000l\000o\000\040\000S\000i\000m\000u\000l\000a\000t\000i\000o\000n\000\040\000D\000a\000t\000a}{}% 18
\BOOKMARK [2][-]{subsection.5.1}{\376\377\000D\000e\000t\000e\000r\000m\000i\000n\000i\000s\000t\000i\000c\000\040\000C\000o\000n\000t\000i\000n\000u\000o\000u\000s\000\040\000V\000a\000r\000y\000i\000n\000g\000\040\000C\000o\000e\000f\000f\000i\000c\000i\000e\000n\000t\000s}{section.5}% 19
\BOOKMARK [2][-]{subsection.5.2}{\376\377\000C\000o\000n\000s\000t\000a\000n\000t\000\040\000C\000o\000e\000f\000f\000i\000c\000i\000e\000n\000t\000s}{section.5}% 20
\BOOKMARK [2][-]{subsection.5.3}{\376\377\000M\000o\000d\000e\000l\000\040\000T\000e\000s\000t\000i\000n\000g\000\040\000a\000n\000d\000\040\000C\000o\000m\000p\000a\000r\000i\000s\000o\000n}{section.5}% 21
\BOOKMARK [1][-]{section.6}{\376\377\000P\000r\000e\000l\000i\000m\000i\000n\000a\000r\000y\000\040\000R\000e\000s\000u\000l\000t\000s}{}% 22
\BOOKMARK [1][-]{section.7}{\376\377\000C\000o\000n\000c\000l\000u\000s\000i\000o\000n}{}% 23
\BOOKMARK [1][-]{section.8}{\376\377\000T\000h\000i\000n\000g\000s\000\040\000I\000\040\000S\000t\000i\000l\000l\000\040\000N\000e\000e\000d}{}% 24
\BOOKMARK [1][-]{section.9}{\376\377\000A\000d\000d\000i\000t\000i\000o\000n\000a\000l\000\040\000T\000a\000b\000l\000e\000s}{}% 25
\BOOKMARK [1][-]{section.10}{\376\377\000A\000p\000p\000e\000n\000d\000i\000x}{}% 26
\BOOKMARK [2][-]{subsection.10.1}{\376\377\000L\000i\000n\000e\000a\000r\000\040\000G\000a\000u\000s\000s\000i\000a\000n\000\040\000S\000t\000a\000t\000e\000\040\000S\000p\000a\000c\000e\000\040\000M\000o\000d\000e\000l\000s}{section.10}% 27
\BOOKMARK [2][-]{subsection.10.2}{\376\377\000S\000t\000a\000t\000e\000\040\000E\000q\000u\000a\000t\000i\000o\000n\000\040\000D\000e\000r\000i\000v\000a\000t\000i\000o\000n}{section.10}% 28
\BOOKMARK [2][-]{subsection.10.3}{\376\377\000D\000e\000r\000i\000v\000i\000n\000g\000\040\000D\000i\000s\000t\000r\000i\000b\000u\000t\000i\000o\000n\000s\000\040\000f\000o\000r\000\040\000t\000h\000e\000\040\000G\000i\000b\000b\000s\000\040\000S\000a\000m\000p\000l\000e\000r}{section.10}% 29
\BOOKMARK [3][-]{subsubsection.10.3.1}{\376\377\000C\000o\000n\000d\000i\000t\000i\000o\000n\000a\000l\000\040\000D\000i\000s\000t\000r\000i\000b\000u\000t\000i\000o\000n\000\040\000o\000f\000\040\000\134\000b\000e\000t\000a\000\040\000a\000n\000d\000\040\000\134\000s\000q\000r\000t\000\173\000\134\000t\000h\000e\000t\000a\000\175}{subsection.10.3}% 30
\BOOKMARK [3][-]{subsubsection.10.3.2}{\376\377\000C\000o\000n\000d\000i\000t\000i\000o\000n\000a\000l\000\040\000D\000i\000s\000t\000r\000i\000b\000u\000t\000i\000o\000n\000\040\000o\000f\000\040\000\134\000s\000i\000g\000m\000a\000\136\0002}{subsection.10.3}% 31
\BOOKMARK [3][-]{subsubsection.10.3.3}{\376\377\000C\000o\000n\000d\000i\000t\000i\000o\000n\000a\000l\000\040\000D\000i\000s\000t\000r\000i\000b\000u\000t\000i\000o\000n\000\040\000o\000f\000\040\000\134\000t\000a\000u\000\137\000j\000\136\0002\000\040\000a\000n\000d\000\040\000\134\000x\000i\000\137\000j\000\136\0002}{subsection.10.3}% 32
\BOOKMARK [3][-]{subsubsection.10.3.4}{\376\377\000C\000o\000n\000d\000i\000t\000i\000o\000n\000a\000l\000\040\000D\000i\000s\000t\000r\000i\000b\000u\000t\000i\000o\000n\000\040\000o\000f\000\040\000\134\000l\000a\000m\000b\000d\000a\000\136\0002\000\040\000a\000n\000d\000\040\000\134\000k\000a\000p\000p\000a\000\136\0002}{subsection.10.3}% 33
\BOOKMARK [3][-]{subsubsection.10.3.5}{\376\377\000S\000a\000m\000p\000l\000e\000\040\000\134\000z\000e\000t\000a\000\137\000\173\000\134\000s\000q\000r\000t\000\173\000\134\000t\000h\000e\000t\000a\000\175\000\175\000\040\000a\000n\000d\000\040\000\134\000z\000e\000t\000a\000\137\000\173\000\134\000b\000e\000t\000a\000\175}{subsection.10.3}% 34
\BOOKMARK [2][-]{subsection.10.4}{\376\377\000E\000x\000a\000m\000p\000l\000e\000\040\000P\000l\000o\000t\000s}{section.10}% 35
\BOOKMARK [1][-]{section*.1}{\376\377\000W\000o\000r\000k\000\040\000C\000i\000t\000e\000d}{}% 36
